<?xml version="1.0" encoding="utf-8" standalone="no"?>
<test-results xmlns:xsi="http://www.w3.org/2001/XMLSchema-instance" xsi:noNamespaceSchemaLocation="nunit_schema_2.5.xsd" name="Pester" total="47" errors="0" failures="4" not-run="0" inconclusive="0" ignored="0" skipped="2" invalid="0" date="2022-06-24" time="21:03:47">
  <environment clr-version="Unknown" user="Owner" os-version="10.0.19044" cwd="E:\Owner\Documents\Google Drive\Programs\Scripts\PowerShell\PsLogMessage\tests" user-domain="JLA-LoftHTPC" platform="Microsoft Windows 10 Pro|C:\WINDOWS|\Device\Harddisk0\Partition2" machine-name="JLA-LOFTHTPC" nunit-version="2.5.8.0" />
  <culture-info current-culture="en-US" current-uiculture="en-US" />
  <test-suite type="TestFixture" name="Pester" executed="True" result="Failure" success="False" time="3.0305" asserts="0" description="Pester">
    <results>
      <test-suite type="TestFixture" name="E:\Owner\Documents\Google Drive\Programs\Scripts\PowerShell\PsLogMessage\tests\Function.tests.ps1" executed="True" result="Success" success="True" time="0.8774" asserts="0" description="E:\Owner\Documents\Google Drive\Programs\Scripts\PowerShell\PsLogMessage\tests\Function.tests.ps1">
        <results>
          <test-suite type="TestFixture" name="function 'New-DatedSubfolder.ps1'" executed="True" result="Success" success="True" time="0.316" asserts="0" description="function 'New-DatedSubfolder.ps1'">
            <results>
              <test-suite type="ParameterizedTest" name="function 'New-DatedSubfolder.ps1'.can be tokenized by the PowerShell parser without any errors" executed="True" result="Success" success="True" time="0.1845" asserts="0" description="can be tokenized by the PowerShell parser without any errors">
                <results>
                  <test-case description="can be tokenized by the PowerShell parser without any errors" name="function 'New-DatedSubfolder.ps1'.can be tokenized by the PowerShell parser without any errors(&quot;E:\Owner\Documents\Google Drive\Programs\Scripts\PowerShell\PsLogMessage\src\functions\public\New-DatedSubfolder.ps1&quot;)" time="0.1845" asserts="0" success="True" result="Success" executed="True" />
                </results>
              </test-suite>
              <test-suite type="ParameterizedTest" name="function 'New-DatedSubfolder.ps1'.runs without throwing errors" executed="True" result="Success" success="True" time="0.0556" asserts="0" description="runs without throwing errors">
                <results>
                  <test-case description="runs without throwing errors" name="function 'New-DatedSubfolder.ps1'.runs without throwing errors(&quot;E:\Owner\Documents\Google Drive\Programs\Scripts\PowerShell\PsLogMessage\src\functions\public\New-DatedSubfolder.ps1&quot;)" time="0.0556" asserts="0" success="True" result="Success" executed="True" />
                </results>
              </test-suite>
            </results>
          </test-suite>
          <test-suite type="TestFixture" name="function 'Write-LogMsg.ps1'" executed="True" result="Success" success="True" time="0.3632" asserts="0" description="function 'Write-LogMsg.ps1'">
            <results>
              <test-suite type="ParameterizedTest" name="function 'Write-LogMsg.ps1'.can be tokenized by the PowerShell parser without any errors" executed="True" result="Success" success="True" time="0.0134" asserts="0" description="can be tokenized by the PowerShell parser without any errors">
                <results>
                  <test-case description="can be tokenized by the PowerShell parser without any errors" name="function 'Write-LogMsg.ps1'.can be tokenized by the PowerShell parser without any errors(&quot;E:\Owner\Documents\Google Drive\Programs\Scripts\PowerShell\PsLogMessage\src\functions\public\Write-LogMsg.ps1&quot;)" time="0.0134" asserts="0" success="True" result="Success" executed="True" />
                </results>
              </test-suite>
              <test-suite type="ParameterizedTest" name="function 'Write-LogMsg.ps1'.runs without throwing errors" executed="True" result="Success" success="True" time="0.0276" asserts="0" description="runs without throwing errors">
                <results>
                  <test-case description="runs without throwing errors" name="function 'Write-LogMsg.ps1'.runs without throwing errors(&quot;E:\Owner\Documents\Google Drive\Programs\Scripts\PowerShell\PsLogMessage\src\functions\public\Write-LogMsg.ps1&quot;)" time="0.0276" asserts="0" success="True" result="Success" executed="True" />
                </results>
              </test-suite>
            </results>
          </test-suite>
        </results>
      </test-suite>
      <test-suite type="TestFixture" name="E:\Owner\Documents\Google Drive\Programs\Scripts\PowerShell\PsLogMessage\tests\Help.tests.ps1" executed="True" result="Failure" success="False" time="0.9057" asserts="0" description="E:\Owner\Documents\Google Drive\Programs\Scripts\PowerShell\PsLogMessage\tests\Help.tests.ps1">
        <results>
          <test-suite type="TestFixture" name="help for New-DatedSubfolder" executed="True" result="Failure" success="False" time="0.3829" asserts="0" description="help for New-DatedSubfolder">
            <results>
              <test-suite type="TestFixture" name="help for New-DatedSubfolder.- Help for parameter 'Root'" executed="True" result="Failure" success="False" time="0.3426" asserts="0" description="help for New-DatedSubfolder.- Help for parameter 'Root'">
                <results>
                  <test-case description="has a description" name="help for New-DatedSubfolder.- Help for parameter 'Root'.has a description" time="0.0256" asserts="0" success="True" result="Success" executed="True" />
                  <test-case description="has the correct [mandatory] value" name="help for New-DatedSubfolder.- Help for parameter 'Root'.has the correct [mandatory] value" time="0.01" asserts="0" success="True" result="Success" executed="True" />
                  <test-case description="has the correct parameter type" name="help for New-DatedSubfolder.- Help for parameter 'Root'.has the correct parameter type" time="0.1838" asserts="0" success="False" result="Failure" executed="True">
                    <failure>
                      <message>Expected strings to be the same, but they were different.
Expected length: 6
Actual length:   13
Strings differ at index 1.
Expected: 'String'
But was:  'System.String'
           -^</message>
                      <stack-trace>at $parameterHelpType | Should -Be $parameter.ParameterType.Name, E:\Owner\Documents\Google Drive\Programs\Scripts\PowerShell\PsLogMessage\tests\Help.tests.ps1:114
at &lt;ScriptBlock&gt;, E:\Owner\Documents\Google Drive\Programs\Scripts\PowerShell\PsLogMessage\tests\Help.tests.ps1:114</stack-trace>
                    </failure>
                  </test-case>
                </results>
              </test-suite>
              <test-case description="is not auto-generated" name="help for New-DatedSubfolder.is not auto-generated" time="0.0335" asserts="0" success="True" result="Success" executed="True" />
              <test-case description="has a description" name="help for New-DatedSubfolder.has a description" time="0.0177" asserts="0" success="True" result="Success" executed="True" />
              <test-case description="has example code" name="help for New-DatedSubfolder.has example code" time="0.0142" asserts="0" success="True" result="Success" executed="True" />
              <test-case description="has example help" name="help for New-DatedSubfolder.has example help" time="0.0206" asserts="0" success="True" result="Success" executed="True" />
            </results>
          </test-suite>
          <test-suite type="TestFixture" name="help for Write-LogMsg" executed="True" result="Failure" success="False" time="0.7004" asserts="0" description="help for Write-LogMsg">
            <results>
              <test-suite type="TestFixture" name="help for Write-LogMsg.- Help for parameter 'AddPrefix'" executed="True" result="Success" success="True" time="0.0732" asserts="0" description="help for Write-LogMsg.- Help for parameter 'AddPrefix'">
                <results>
                  <test-case description="has a description" name="help for Write-LogMsg.- Help for parameter 'AddPrefix'.has a description" time="0.0047" asserts="0" success="True" result="Success" executed="True" />
                  <test-case description="has the correct [mandatory] value" name="help for Write-LogMsg.- Help for parameter 'AddPrefix'.has the correct [mandatory] value" time="0.0062" asserts="0" success="True" result="Success" executed="True" />
                  <test-case description="has the correct parameter type" name="help for Write-LogMsg.- Help for parameter 'AddPrefix'.has the correct parameter type" time="0.0077" asserts="0" success="True" result="Success" executed="True" />
                </results>
              </test-suite>
              <test-suite type="TestFixture" name="help for Write-LogMsg.- Help for parameter 'LogFile'" executed="True" result="Success" success="True" time="0.1214" asserts="0" description="help for Write-LogMsg.- Help for parameter 'LogFile'">
                <results>
                  <test-case description="has a description" name="help for Write-LogMsg.- Help for parameter 'LogFile'.has a description" time="0.0051" asserts="0" success="True" result="Success" executed="True" />
                  <test-case description="has the correct [mandatory] value" name="help for Write-LogMsg.- Help for parameter 'LogFile'.has the correct [mandatory] value" time="0.0161" asserts="0" success="True" result="Success" executed="True" />
                  <test-case description="has the correct parameter type" name="help for Write-LogMsg.- Help for parameter 'LogFile'.has the correct parameter type" time="0.017" asserts="0" success="True" result="Success" executed="True" />
                </results>
              </test-suite>
              <test-suite type="TestFixture" name="help for Write-LogMsg.- Help for parameter 'PassThru'" executed="True" result="Success" success="True" time="0.1773" asserts="0" description="help for Write-LogMsg.- Help for parameter 'PassThru'">
                <results>
                  <test-case description="has a description" name="help for Write-LogMsg.- Help for parameter 'PassThru'.has a description" time="0.0078" asserts="0" success="True" result="Success" executed="True" />
                  <test-case description="has the correct [mandatory] value" name="help for Write-LogMsg.- Help for parameter 'PassThru'.has the correct [mandatory] value" time="0.0074" asserts="0" success="True" result="Success" executed="True" />
                  <test-case description="has the correct parameter type" name="help for Write-LogMsg.- Help for parameter 'PassThru'.has the correct parameter type" time="0.0081" asserts="0" success="True" result="Success" executed="True" />
                </results>
              </test-suite>
              <test-suite type="TestFixture" name="help for Write-LogMsg.- Help for parameter 'Text'" executed="True" result="Success" success="True" time="0.2399" asserts="0" description="help for Write-LogMsg.- Help for parameter 'Text'">
                <results>
                  <test-case description="has a description" name="help for Write-LogMsg.- Help for parameter 'Text'.has a description" time="0.0144" asserts="0" success="True" result="Success" executed="True" />
                  <test-case description="has the correct [mandatory] value" name="help for Write-LogMsg.- Help for parameter 'Text'.has the correct [mandatory] value" time="0.0062" asserts="0" success="True" result="Success" executed="True" />
                  <test-case description="has the correct parameter type" name="help for Write-LogMsg.- Help for parameter 'Text'.has the correct parameter type" time="0.0211" asserts="0" success="True" result="Success" executed="True" />
                </results>
              </test-suite>
              <test-suite type="TestFixture" name="help for Write-LogMsg.- Help for parameter 'Type'" executed="True" result="Success" success="True" time="0.3049" asserts="0" description="help for Write-LogMsg.- Help for parameter 'Type'">
                <results>
                  <test-case description="has a description" name="help for Write-LogMsg.- Help for parameter 'Type'.has a description" time="0.0148" asserts="0" success="True" result="Success" executed="True" />
                  <test-case description="has the correct [mandatory] value" name="help for Write-LogMsg.- Help for parameter 'Type'.has the correct [mandatory] value" time="0.0068" asserts="0" success="True" result="Success" executed="True" />
                  <test-case description="has the correct parameter type" name="help for Write-LogMsg.- Help for parameter 'Type'.has the correct parameter type" time="0.0078" asserts="0" success="True" result="Success" executed="True" />
                </results>
              </test-suite>
              <test-case description="is not auto-generated" name="help for Write-LogMsg.is not auto-generated" time="0.0084" asserts="0" success="True" result="Success" executed="True" />
              <test-case description="has a description" name="help for Write-LogMsg.has a description" time="0.005" asserts="0" success="True" result="Success" executed="True" />
              <test-case description="has example code" name="help for Write-LogMsg.has example code" time="0.0156" asserts="0" success="False" result="Failure" executed="True">
                <failure>
                  <message>Expected a value, but got $null or empty.</message>
                  <stack-trace>at ($commandHelp.Examples.Example | Select-Object -First 1).Code | Should -Not -BeNullOrEmpty, E:\Owner\Documents\Google Drive\Programs\Scripts\PowerShell\PsLogMessage\tests\Help.tests.ps1:80
at &lt;ScriptBlock&gt;, E:\Owner\Documents\Google Drive\Programs\Scripts\PowerShell\PsLogMessage\tests\Help.tests.ps1:80</stack-trace>
                </failure>
              </test-case>
              <test-case description="has example help" name="help for Write-LogMsg.has example help" time="0.0121" asserts="0" success="False" result="Failure" executed="True">
                <failure>
                  <message>Expected a value, but got $null or empty.</message>
                  <stack-trace>at ($commandHelp.Examples.Example.Remarks | Select-Object -First 1).Text | Should -Not -BeNullOrEmpty, E:\Owner\Documents\Google Drive\Programs\Scripts\PowerShell\PsLogMessage\tests\Help.tests.ps1:85
at &lt;ScriptBlock&gt;, E:\Owner\Documents\Google Drive\Programs\Scripts\PowerShell\PsLogMessage\tests\Help.tests.ps1:85</stack-trace>
                </failure>
              </test-case>
            </results>
          </test-suite>
        </results>
      </test-suite>
      <test-suite type="TestFixture" name="E:\Owner\Documents\Google Drive\Programs\Scripts\PowerShell\PsLogMessage\tests\Manifest.tests.ps1" executed="True" result="Failure" success="False" time="0.5562" asserts="0" description="E:\Owner\Documents\Google Drive\Programs\Scripts\PowerShell\PsLogMessage\tests\Manifest.tests.ps1">
        <results>
          <test-suite type="TestFixture" name="module manifest 'PsLogMessage.psd1'" executed="True" result="Failure" success="False" time="0.2449" asserts="0" description="module manifest 'PsLogMessage.psd1'">
            <results>
              <test-suite type="TestFixture" name="module manifest 'PsLogMessage.psd1'.- Validation" executed="True" result="Failure" success="False" time="0.2393" asserts="0" description="module manifest 'PsLogMessage.psd1'.- Validation">
                <results>
                  <test-case description="is a valid manifest" name="module manifest 'PsLogMessage.psd1'.- Validation.is a valid manifest" time="0.012" asserts="0" success="True" result="Success" executed="True" />
                  <test-case description="has a valid name in the manifest" name="module manifest 'PsLogMessage.psd1'.- Validation.has a valid name in the manifest" time="0.0105" asserts="0" success="True" result="Success" executed="True" />
                  <test-case description="has a valid root module" name="module manifest 'PsLogMessage.psd1'.- Validation.has a valid root module" time="0.092" asserts="0" success="False" result="Failure" executed="True">
                    <failure>
                      <message>Expected strings to be the same, but they were different.
Expected length: 12
Actual length:   17
Strings differ at index 12.
Expected: 'PsLogMessage'
But was:  'PsLogMessage.psm1'
           ------------^</message>
                      <stack-trace>at $manifestData.RootModule | Should -Be $moduleName, E:\Owner\Documents\Google Drive\Programs\Scripts\PowerShell\PsLogMessage\tests\Manifest.tests.ps1:36
at &lt;ScriptBlock&gt;, E:\Owner\Documents\Google Drive\Programs\Scripts\PowerShell\PsLogMessage\tests\Manifest.tests.ps1:36</stack-trace>
                    </failure>
                  </test-case>
                  <test-case description="has a valid version" name="module manifest 'PsLogMessage.psd1'.- Validation.has a valid version" time="0.0324" asserts="0" success="True" result="Success" executed="True" />
                  <test-case description="has a valid description" name="module manifest 'PsLogMessage.psd1'.- Validation.has a valid description" time="0.024" asserts="0" success="True" result="Success" executed="True" />
                  <test-case description="has a valid author" name="module manifest 'PsLogMessage.psd1'.- Validation.has a valid author" time="0.0242" asserts="0" success="True" result="Success" executed="True" />
                  <test-case description="has a valid guid" name="module manifest 'PsLogMessage.psd1'.- Validation.has a valid guid" time="0.0201" asserts="0" success="True" result="Success" executed="True" />
                  <test-case description="has a valid copyright" name="module manifest 'PsLogMessage.psd1'.- Validation.has a valid copyright" time="0.0142" asserts="0" success="True" result="Success" executed="True" />
                </results>
              </test-suite>
            </results>
          </test-suite>
          <test-suite type="TestFixture" name="Git tagging" executed="True" result="Ignored" success="True" time="0.2967" asserts="0" description="Git tagging">
            <results>
              <test-suite type="TestFixture" name="Git tagging.- Git tag version ''" executed="True" result="Ignored" success="True" time="0.0442" asserts="0" description="Git tagging.- Git tag version ''">
                <results>
                  <test-case description="is a valid version" name="Git tagging.- Git tag version ''.is a valid version" time="0.0336" asserts="0" success="False" result="Ignored" executed="False" />
                  <test-case description="matches the module manifest version" name="Git tagging.- Git tag version ''.matches the module manifest version" time="0.0027" asserts="0" success="False" result="Ignored" executed="False" />
                </results>
              </test-suite>
            </results>
          </test-suite>
        </results>
      </test-suite>
      <test-suite type="TestFixture" name="E:\Owner\Documents\Google Drive\Programs\Scripts\PowerShell\PsLogMessage\tests\Metadata.tests.ps1" executed="True" result="Success" success="True" time="0.2363" asserts="0" description="E:\Owner\Documents\Google Drive\Programs\Scripts\PowerShell\PsLogMessage\tests\Metadata.tests.ps1">
        <results>
          <test-suite type="TestFixture" name="text files" executed="True" result="Success" success="True" time="0.0544" asserts="0" description="text files">
            <results>
              <test-suite type="TestFixture" name="text files.- File Encoding" executed="True" result="Success" success="True" time="0.0175" asserts="0" description="text files.- File Encoding">
                <results>
                  <test-case description="do not use Unicode/UTF-16 encoding" name="text files.- File Encoding.do not use Unicode/UTF-16 encoding" time="0.0143" asserts="0" success="True" result="Success" executed="True" />
                </results>
              </test-suite>
              <test-suite type="TestFixture" name="text files.- Indentations" executed="True" result="Success" success="True" time="0.0473" asserts="0" description="text files.- Indentations">
                <results>
                  <test-case description="do not use tabs for indentations" name="text files.- Indentations.do not use tabs for indentations" time="0.0249" asserts="0" success="True" result="Success" executed="True" />
                </results>
              </test-suite>
            </results>
          </test-suite>
        </results>
      </test-suite>
      <test-suite type="TestFixture" name="E:\Owner\Documents\Google Drive\Programs\Scripts\PowerShell\PsLogMessage\tests\Module.tests.ps1" executed="True" result="Success" success="True" time="0.2117" asserts="0" description="E:\Owner\Documents\Google Drive\Programs\Scripts\PowerShell\PsLogMessage\tests\Module.tests.ps1">
        <results>
          <test-suite type="TestFixture" name="PowerShell files in module 'PsLogMessage'" executed="True" result="Success" success="True" time="0.0309" asserts="0" description="PowerShell files in module 'PsLogMessage'">
            <results>
              <test-suite type="ParameterizedTest" name="PowerShell files in module 'PsLogMessage'.'&lt;Script&gt;' can be tokenized by the PowerShell parser without any errors" executed="True" result="Success" success="True" time="0.0241" asserts="0" description="'&lt;Script&gt;' can be tokenized by the PowerShell parser without any errors">
                <results>
                  <test-case description="'E:\Owner\Documents\Google Drive\Programs\Scripts\PowerShell\PsLogMessage\dist\1.0.1\PsLogMessage\PsLogMessage.psd1' can be tokenized by the PowerShell parser without any errors" name="PowerShell files in module 'PsLogMessage'.'E:\Owner\Documents\Google Drive\Programs\Scripts\PowerShell\PsLogMessage\dist\1.0.1\PsLogMessage\PsLogMessage.psd1' can be tokenized by the PowerShell parser without any errors" time="0.0176" asserts="0" success="True" result="Success" executed="True" />
                  <test-case description="'E:\Owner\Documents\Google Drive\Programs\Scripts\PowerShell\PsLogMessage\dist\1.0.1\PsLogMessage\PsLogMessage.psm1' can be tokenized by the PowerShell parser without any errors" name="PowerShell files in module 'PsLogMessage'.'E:\Owner\Documents\Google Drive\Programs\Scripts\PowerShell\PsLogMessage\dist\1.0.1\PsLogMessage\PsLogMessage.psm1' can be tokenized by the PowerShell parser without any errors" time="0.0064" asserts="0" success="True" result="Success" executed="True" />
                </results>
              </test-suite>
            </results>
          </test-suite>
          <test-suite type="TestFixture" name="module 'PsLogMessage'" executed="True" result="Success" success="True" time="0.0898" asserts="0" description="module 'PsLogMessage'">
            <results>
              <test-suite type="ParameterizedTest" name="module 'PsLogMessage'.can be imported without any errors" executed="True" result="Success" success="True" time="0.051" asserts="0" description="can be imported without any errors">
                <results>
                  <test-case description="can be imported without any errors" name="module 'PsLogMessage'.can be imported without any errors(&quot;E:\Owner\Documents\Google Drive\Programs\Scripts\PowerShell\PsLogMessage\dist\1.0.1\PsLogMessage\PsLogMessage.psm1&quot;)" time="0.051" asserts="0" success="True" result="Success" executed="True" />
                </results>
              </test-suite>
            </results>
          </test-suite>
        </results>
      </test-suite>
      <test-suite type="TestFixture" name="E:\Owner\Documents\Google Drive\Programs\Scripts\PowerShell\PsLogMessage\tests\Project.tests.ps1" executed="True" result="Success" success="True" time="0.2432" asserts="0" description="E:\Owner\Documents\Google Drive\Programs\Scripts\PowerShell\PsLogMessage\tests\Project.tests.ps1">
        <results>
          <test-suite type="TestFixture" name="change log" executed="True" result="Success" success="True" time="0.0421" asserts="0" description="change log">
            <results>
              <test-suite type="TestFixture" name="change log.- Version" executed="True" result="Success" success="True" time="0.0393" asserts="0" description="change log.- Version">
                <results>
                  <test-case description="has a valid version" name="change log.- Version.has a valid version" time="0.0197" asserts="0" success="True" result="Success" executed="True" />
                  <test-case description="has the same version as the manifest" name="change log.- Version.has the same version as the manifest" time="0.0098" asserts="0" success="True" result="Success" executed="True" />
                </results>
              </test-suite>
            </results>
          </test-suite>
        </results>
      </test-suite>
    </results>
  </test-suite>
</test-results>