<?xml version="1.0" encoding="utf-8" standalone="no"?>
<test-results xmlns:xsi="http://www.w3.org/2001/XMLSchema-instance" xsi:noNamespaceSchemaLocation="nunit_schema_2.5.xsd" name="Pester" total="152" errors="0" failures="25" not-run="0" inconclusive="0" ignored="0" skipped="2" invalid="0" date="2024-10-13" time="19:55:22">
  <environment platform="Microsoft Windows 10 Pro|C:\WINDOWS|\Device\Harddisk0\Partition2" cwd="E:\Owner\Documents\Google Drive\Programs\Scripts\PowerShell\PsLogMessage\tests" os-version="10.0.19044" user="Owner" machine-name="JLA-LOFTHTPC" user-domain="JLA-LoftHTPC" clr-version="8.0.4" nunit-version="2.5.8.0" />
  <culture-info current-culture="en-US" current-uiculture="en-US" />
  <test-suite type="TestFixture" name="Pester" executed="True" result="Failure" success="False" time="5.4713" asserts="0" description="Pester">
    <results>
      <test-suite type="TestFixture" name="E:\Owner\Documents\Google Drive\Programs\Scripts\PowerShell\PsLogMessage\tests\Function.tests.ps1" executed="True" result="Success" success="True" time="1.2754" asserts="0" description="E:\Owner\Documents\Google Drive\Programs\Scripts\PowerShell\PsLogMessage\tests\Function.tests.ps1">
        <results>
          <test-suite type="TestFixture" name="function 'ConvertTo-DnsFqdn.ps1'" executed="True" result="Success" success="True" time="0.3056" asserts="0" description="function 'ConvertTo-DnsFqdn.ps1'">
            <results>
              <test-suite type="ParameterizedTest" name="function 'ConvertTo-DnsFqdn.ps1'.can be tokenized by the PowerShell parser without any errors" executed="True" result="Success" success="True" time="0.1654" asserts="0" description="can be tokenized by the PowerShell parser without any errors">
                <results>
                  <test-case description="can be tokenized by the PowerShell parser without any errors" name="function 'ConvertTo-DnsFqdn.ps1'.can be tokenized by the PowerShell parser without any errors(&quot;E:\Owner\Documents\Google Drive\Programs\Scripts\PowerShell\PsLogMessage\src\functions\public\ConvertTo-DnsFqdn.ps1&quot;)" time="0.1654" asserts="0" success="True" result="Success" executed="True" />
                </results>
              </test-suite>
              <test-suite type="ParameterizedTest" name="function 'ConvertTo-DnsFqdn.ps1'.runs without throwing errors" executed="True" result="Success" success="True" time="0.0661" asserts="0" description="runs without throwing errors">
                <results>
                  <test-case description="runs without throwing errors" name="function 'ConvertTo-DnsFqdn.ps1'.runs without throwing errors(&quot;E:\Owner\Documents\Google Drive\Programs\Scripts\PowerShell\PsLogMessage\src\functions\public\ConvertTo-DnsFqdn.ps1&quot;)" time="0.0661" asserts="0" success="True" result="Success" executed="True" />
                </results>
              </test-suite>
            </results>
          </test-suite>
          <test-suite type="TestFixture" name="function 'ConvertTo-PSCodeString.ps1'" executed="True" result="Success" success="True" time="0.3543" asserts="0" description="function 'ConvertTo-PSCodeString.ps1'">
            <results>
              <test-suite type="ParameterizedTest" name="function 'ConvertTo-PSCodeString.ps1'.can be tokenized by the PowerShell parser without any errors" executed="True" result="Success" success="True" time="0.0117" asserts="0" description="can be tokenized by the PowerShell parser without any errors">
                <results>
                  <test-case description="can be tokenized by the PowerShell parser without any errors" name="function 'ConvertTo-PSCodeString.ps1'.can be tokenized by the PowerShell parser without any errors(&quot;E:\Owner\Documents\Google Drive\Programs\Scripts\PowerShell\PsLogMessage\src\functions\public\ConvertTo-PSCodeString.ps1&quot;)" time="0.0117" asserts="0" success="True" result="Success" executed="True" />
                </results>
              </test-suite>
              <test-suite type="ParameterizedTest" name="function 'ConvertTo-PSCodeString.ps1'.runs without throwing errors" executed="True" result="Success" success="True" time="0.0298" asserts="0" description="runs without throwing errors">
                <results>
                  <test-case description="runs without throwing errors" name="function 'ConvertTo-PSCodeString.ps1'.runs without throwing errors(&quot;E:\Owner\Documents\Google Drive\Programs\Scripts\PowerShell\PsLogMessage\src\functions\public\ConvertTo-PSCodeString.ps1&quot;)" time="0.0298" asserts="0" success="True" result="Success" executed="True" />
                </results>
              </test-suite>
            </results>
          </test-suite>
          <test-suite type="TestFixture" name="function 'Export-LogCsv.ps1'" executed="True" result="Success" success="True" time="0.4089" asserts="0" description="function 'Export-LogCsv.ps1'">
            <results>
              <test-suite type="ParameterizedTest" name="function 'Export-LogCsv.ps1'.can be tokenized by the PowerShell parser without any errors" executed="True" result="Success" success="True" time="0.0127" asserts="0" description="can be tokenized by the PowerShell parser without any errors">
                <results>
                  <test-case description="can be tokenized by the PowerShell parser without any errors" name="function 'Export-LogCsv.ps1'.can be tokenized by the PowerShell parser without any errors(&quot;E:\Owner\Documents\Google Drive\Programs\Scripts\PowerShell\PsLogMessage\src\functions\public\Export-LogCsv.ps1&quot;)" time="0.0127" asserts="0" success="True" result="Success" executed="True" />
                </results>
              </test-suite>
              <test-suite type="ParameterizedTest" name="function 'Export-LogCsv.ps1'.runs without throwing errors" executed="True" result="Success" success="True" time="0.0348" asserts="0" description="runs without throwing errors">
                <results>
                  <test-case description="runs without throwing errors" name="function 'Export-LogCsv.ps1'.runs without throwing errors(&quot;E:\Owner\Documents\Google Drive\Programs\Scripts\PowerShell\PsLogMessage\src\functions\public\Export-LogCsv.ps1&quot;)" time="0.0348" asserts="0" success="True" result="Success" executed="True" />
                </results>
              </test-suite>
            </results>
          </test-suite>
          <test-suite type="TestFixture" name="function 'Get-CurrentHostname.ps1'" executed="True" result="Success" success="True" time="0.453" asserts="0" description="function 'Get-CurrentHostname.ps1'">
            <results>
              <test-suite type="ParameterizedTest" name="function 'Get-CurrentHostname.ps1'.can be tokenized by the PowerShell parser without any errors" executed="True" result="Success" success="True" time="0.0096" asserts="0" description="can be tokenized by the PowerShell parser without any errors">
                <results>
                  <test-case description="can be tokenized by the PowerShell parser without any errors" name="function 'Get-CurrentHostname.ps1'.can be tokenized by the PowerShell parser without any errors(&quot;E:\Owner\Documents\Google Drive\Programs\Scripts\PowerShell\PsLogMessage\src\functions\public\Get-CurrentHostname.ps1&quot;)" time="0.0096" asserts="0" success="True" result="Success" executed="True" />
                </results>
              </test-suite>
              <test-suite type="ParameterizedTest" name="function 'Get-CurrentHostname.ps1'.runs without throwing errors" executed="True" result="Success" success="True" time="0.0251" asserts="0" description="runs without throwing errors">
                <results>
                  <test-case description="runs without throwing errors" name="function 'Get-CurrentHostname.ps1'.runs without throwing errors(&quot;E:\Owner\Documents\Google Drive\Programs\Scripts\PowerShell\PsLogMessage\src\functions\public\Get-CurrentHostname.ps1&quot;)" time="0.0251" asserts="0" success="True" result="Success" executed="True" />
                </results>
              </test-suite>
            </results>
          </test-suite>
          <test-suite type="TestFixture" name="function 'Get-CurrentWhoAmI.ps1'" executed="True" result="Success" success="True" time="0.525" asserts="0" description="function 'Get-CurrentWhoAmI.ps1'">
            <results>
              <test-suite type="ParameterizedTest" name="function 'Get-CurrentWhoAmI.ps1'.can be tokenized by the PowerShell parser without any errors" executed="True" result="Success" success="True" time="0.0232" asserts="0" description="can be tokenized by the PowerShell parser without any errors">
                <results>
                  <test-case description="can be tokenized by the PowerShell parser without any errors" name="function 'Get-CurrentWhoAmI.ps1'.can be tokenized by the PowerShell parser without any errors(&quot;E:\Owner\Documents\Google Drive\Programs\Scripts\PowerShell\PsLogMessage\src\functions\public\Get-CurrentWhoAmI.ps1&quot;)" time="0.0232" asserts="0" success="True" result="Success" executed="True" />
                </results>
              </test-suite>
              <test-suite type="ParameterizedTest" name="function 'Get-CurrentWhoAmI.ps1'.runs without throwing errors" executed="True" result="Success" success="True" time="0.0406" asserts="0" description="runs without throwing errors">
                <results>
                  <test-case description="runs without throwing errors" name="function 'Get-CurrentWhoAmI.ps1'.runs without throwing errors(&quot;E:\Owner\Documents\Google Drive\Programs\Scripts\PowerShell\PsLogMessage\src\functions\public\Get-CurrentWhoAmI.ps1&quot;)" time="0.0406" asserts="0" success="True" result="Success" executed="True" />
                </results>
              </test-suite>
            </results>
          </test-suite>
          <test-suite type="TestFixture" name="function 'New-DatedSubfolder.ps1'" executed="True" result="Success" success="True" time="0.586" asserts="0" description="function 'New-DatedSubfolder.ps1'">
            <results>
              <test-suite type="ParameterizedTest" name="function 'New-DatedSubfolder.ps1'.can be tokenized by the PowerShell parser without any errors" executed="True" result="Success" success="True" time="0.0208" asserts="0" description="can be tokenized by the PowerShell parser without any errors">
                <results>
                  <test-case description="can be tokenized by the PowerShell parser without any errors" name="function 'New-DatedSubfolder.ps1'.can be tokenized by the PowerShell parser without any errors(&quot;E:\Owner\Documents\Google Drive\Programs\Scripts\PowerShell\PsLogMessage\src\functions\public\New-DatedSubfolder.ps1&quot;)" time="0.0208" asserts="0" success="True" result="Success" executed="True" />
                </results>
              </test-suite>
              <test-suite type="ParameterizedTest" name="function 'New-DatedSubfolder.ps1'.runs without throwing errors" executed="True" result="Success" success="True" time="0.0282" asserts="0" description="runs without throwing errors">
                <results>
                  <test-case description="runs without throwing errors" name="function 'New-DatedSubfolder.ps1'.runs without throwing errors(&quot;E:\Owner\Documents\Google Drive\Programs\Scripts\PowerShell\PsLogMessage\src\functions\public\New-DatedSubfolder.ps1&quot;)" time="0.0282" asserts="0" success="True" result="Success" executed="True" />
                </results>
              </test-suite>
            </results>
          </test-suite>
          <test-suite type="TestFixture" name="function 'Write-LogMsg.ps1'" executed="True" result="Success" success="True" time="0.6471" asserts="0" description="function 'Write-LogMsg.ps1'">
            <results>
              <test-suite type="ParameterizedTest" name="function 'Write-LogMsg.ps1'.can be tokenized by the PowerShell parser without any errors" executed="True" result="Success" success="True" time="0.019" asserts="0" description="can be tokenized by the PowerShell parser without any errors">
                <results>
                  <test-case description="can be tokenized by the PowerShell parser without any errors" name="function 'Write-LogMsg.ps1'.can be tokenized by the PowerShell parser without any errors(&quot;E:\Owner\Documents\Google Drive\Programs\Scripts\PowerShell\PsLogMessage\src\functions\public\Write-LogMsg.ps1&quot;)" time="0.019" asserts="0" success="True" result="Success" executed="True" />
                </results>
              </test-suite>
              <test-suite type="ParameterizedTest" name="function 'Write-LogMsg.ps1'.runs without throwing errors" executed="True" result="Success" success="True" time="0.0316" asserts="0" description="runs without throwing errors">
                <results>
                  <test-case description="runs without throwing errors" name="function 'Write-LogMsg.ps1'.runs without throwing errors(&quot;E:\Owner\Documents\Google Drive\Programs\Scripts\PowerShell\PsLogMessage\src\functions\public\Write-LogMsg.ps1&quot;)" time="0.0316" asserts="0" success="True" result="Success" executed="True" />
                </results>
              </test-suite>
            </results>
          </test-suite>
        </results>
      </test-suite>
      <test-suite type="TestFixture" name="E:\Owner\Documents\Google Drive\Programs\Scripts\PowerShell\PsLogMessage\tests\Help.tests.ps1" executed="True" result="Failure" success="False" time="2.548" asserts="0" description="E:\Owner\Documents\Google Drive\Programs\Scripts\PowerShell\PsLogMessage\tests\Help.tests.ps1">
        <results>
          <test-suite type="TestFixture" name="help for ConvertTo-DnsFqdn" executed="True" result="Failure" success="False" time="0.473" asserts="0" description="help for ConvertTo-DnsFqdn">
            <results>
              <test-suite type="TestFixture" name="help for ConvertTo-DnsFqdn.- Help for parameter 'ComputerName'" executed="True" result="Failure" success="False" time="0.2507" asserts="0" description="help for ConvertTo-DnsFqdn.- Help for parameter 'ComputerName'">
                <results>
                  <test-case description="has a description" name="help for ConvertTo-DnsFqdn.- Help for parameter 'ComputerName'.has a description" time="0.0125" asserts="0" success="True" result="Success" executed="True" />
                  <test-case description="has the correct [mandatory] value" name="help for ConvertTo-DnsFqdn.- Help for parameter 'ComputerName'.has the correct [mandatory] value" time="0.0262" asserts="0" success="True" result="Success" executed="True" />
                  <test-case description="has the correct parameter type" name="help for ConvertTo-DnsFqdn.- Help for parameter 'ComputerName'.has the correct parameter type" time="0.1169" asserts="0" success="False" result="Failure" executed="True">
                    <failure>
                      <message>Expected strings to be the same, but they were different.
Expected length: 6
Actual length:   13
Strings differ at index 1.
Expected: 'String'
But was:  'System.String'
           -^</message>
                      <stack-trace>at $parameterHelpType | Should -Be $parameter.ParameterType.Name, E:\Owner\Documents\Google Drive\Programs\Scripts\PowerShell\PsLogMessage\tests\Help.tests.ps1:114
at &lt;ScriptBlock&gt;, E:\Owner\Documents\Google Drive\Programs\Scripts\PowerShell\PsLogMessage\tests\Help.tests.ps1:114</stack-trace>
                    </failure>
                  </test-case>
                </results>
              </test-suite>
              <test-suite type="TestFixture" name="help for ConvertTo-DnsFqdn.- Help for parameter 'LogBuffer'" executed="True" result="Failure" success="False" time="0.3023" asserts="0" description="help for ConvertTo-DnsFqdn.- Help for parameter 'LogBuffer'">
                <results>
                  <test-case description="has a description" name="help for ConvertTo-DnsFqdn.- Help for parameter 'LogBuffer'.has a description" time="0.0057" asserts="0" success="True" result="Success" executed="True" />
                  <test-case description="has the correct [mandatory] value" name="help for ConvertTo-DnsFqdn.- Help for parameter 'LogBuffer'.has the correct [mandatory] value" time="0.02" asserts="0" success="True" result="Success" executed="True" />
                  <test-case description="has the correct parameter type" name="help for ConvertTo-DnsFqdn.- Help for parameter 'LogBuffer'.has the correct parameter type" time="0.0133" asserts="0" success="False" result="Failure" executed="True">
                    <failure>
                      <message>Expected strings to be the same, but they were different.
Expected length: 9
Actual length:   28
Strings differ at index 0.
Expected: 'Hashtable'
But was:  'System.Collections.Hashtable'
           ^</message>
                      <stack-trace>at $parameterHelpType | Should -Be $parameter.ParameterType.Name, E:\Owner\Documents\Google Drive\Programs\Scripts\PowerShell\PsLogMessage\tests\Help.tests.ps1:114
at &lt;ScriptBlock&gt;, E:\Owner\Documents\Google Drive\Programs\Scripts\PowerShell\PsLogMessage\tests\Help.tests.ps1:114</stack-trace>
                    </failure>
                  </test-case>
                </results>
              </test-suite>
              <test-suite type="TestFixture" name="help for ConvertTo-DnsFqdn.- Help for parameter 'ThisHostName'" executed="True" result="Failure" success="False" time="0.3355" asserts="0" description="help for ConvertTo-DnsFqdn.- Help for parameter 'ThisHostName'">
                <results>
                  <test-case description="has a description" name="help for ConvertTo-DnsFqdn.- Help for parameter 'ThisHostName'.has a description" time="0.0074" asserts="0" success="True" result="Success" executed="True" />
                  <test-case description="has the correct [mandatory] value" name="help for ConvertTo-DnsFqdn.- Help for parameter 'ThisHostName'.has the correct [mandatory] value" time="0.0057" asserts="0" success="True" result="Success" executed="True" />
                  <test-case description="has the correct parameter type" name="help for ConvertTo-DnsFqdn.- Help for parameter 'ThisHostName'.has the correct parameter type" time="0.0128" asserts="0" success="False" result="Failure" executed="True">
                    <failure>
                      <message>Expected strings to be the same, but they were different.
Expected length: 6
Actual length:   13
Strings differ at index 1.
Expected: 'String'
But was:  'System.String'
           -^</message>
                      <stack-trace>at $parameterHelpType | Should -Be $parameter.ParameterType.Name, E:\Owner\Documents\Google Drive\Programs\Scripts\PowerShell\PsLogMessage\tests\Help.tests.ps1:114
at &lt;ScriptBlock&gt;, E:\Owner\Documents\Google Drive\Programs\Scripts\PowerShell\PsLogMessage\tests\Help.tests.ps1:114</stack-trace>
                    </failure>
                  </test-case>
                </results>
              </test-suite>
              <test-suite type="TestFixture" name="help for ConvertTo-DnsFqdn.- Help for parameter 'WhoAmI'" executed="True" result="Failure" success="False" time="0.4227" asserts="0" description="help for ConvertTo-DnsFqdn.- Help for parameter 'WhoAmI'">
                <results>
                  <test-case description="has a description" name="help for ConvertTo-DnsFqdn.- Help for parameter 'WhoAmI'.has a description" time="0.0117" asserts="0" success="True" result="Success" executed="True" />
                  <test-case description="has the correct [mandatory] value" name="help for ConvertTo-DnsFqdn.- Help for parameter 'WhoAmI'.has the correct [mandatory] value" time="0.0043" asserts="0" success="True" result="Success" executed="True" />
                  <test-case description="has the correct parameter type" name="help for ConvertTo-DnsFqdn.- Help for parameter 'WhoAmI'.has the correct parameter type" time="0.063" asserts="0" success="False" result="Failure" executed="True">
                    <failure>
                      <message>Expected strings to be the same, but they were different.
Expected length: 6
Actual length:   13
Strings differ at index 1.
Expected: 'String'
But was:  'System.String'
           -^</message>
                      <stack-trace>at $parameterHelpType | Should -Be $parameter.ParameterType.Name, E:\Owner\Documents\Google Drive\Programs\Scripts\PowerShell\PsLogMessage\tests\Help.tests.ps1:114
at &lt;ScriptBlock&gt;, E:\Owner\Documents\Google Drive\Programs\Scripts\PowerShell\PsLogMessage\tests\Help.tests.ps1:114</stack-trace>
                    </failure>
                  </test-case>
                </results>
              </test-suite>
              <test-case description="is not auto-generated" name="help for ConvertTo-DnsFqdn.is not auto-generated" time="0.0193" asserts="0" success="True" result="Success" executed="True" />
              <test-case description="has a description" name="help for ConvertTo-DnsFqdn.has a description" time="0.0187" asserts="0" success="True" result="Success" executed="True" />
              <test-case description="has example code" name="help for ConvertTo-DnsFqdn.has example code" time="0.0091" asserts="0" success="True" result="Success" executed="True" />
              <test-case description="has example help" name="help for ConvertTo-DnsFqdn.has example help" time="0.0069" asserts="0" success="True" result="Success" executed="True" />
            </results>
          </test-suite>
          <test-suite type="TestFixture" name="help for ConvertTo-PSCodeString" executed="True" result="Failure" success="False" time="0.7131" asserts="0" description="help for ConvertTo-PSCodeString">
            <results>
              <test-suite type="TestFixture" name="help for ConvertTo-PSCodeString.- Help for parameter 'InputObject'" executed="True" result="Success" success="True" time="0.1301" asserts="0" description="help for ConvertTo-PSCodeString.- Help for parameter 'InputObject'">
                <results>
                  <test-case description="has a description" name="help for ConvertTo-PSCodeString.- Help for parameter 'InputObject'.has a description" time="0.0082" asserts="0" success="True" result="Success" executed="True" />
                  <test-case description="has the correct [mandatory] value" name="help for ConvertTo-PSCodeString.- Help for parameter 'InputObject'.has the correct [mandatory] value" time="0.0076" asserts="0" success="True" result="Success" executed="True" />
                  <test-case description="has the correct parameter type" name="help for ConvertTo-PSCodeString.- Help for parameter 'InputObject'.has the correct parameter type" time="0.0105" asserts="0" success="True" result="Success" executed="True" />
                </results>
              </test-suite>
              <test-suite type="TestFixture" name="help for ConvertTo-PSCodeString.- Help for parameter 'ProgressAction'" executed="True" result="Failure" success="False" time="0.2063" asserts="0" description="help for ConvertTo-PSCodeString.- Help for parameter 'ProgressAction'">
                <results>
                  <test-case description="has a description" name="help for ConvertTo-PSCodeString.- Help for parameter 'ProgressAction'.has a description" time="0.0243" asserts="0" success="False" result="Failure" executed="True">
                    <failure>
                      <message>Expected a value, but got $null or empty.</message>
                      <stack-trace>at $parameterHelp.Description.Text | Should -Not -BeNullOrEmpty, E:\Owner\Documents\Google Drive\Programs\Scripts\PowerShell\PsLogMessage\tests\Help.tests.ps1:103
at &lt;ScriptBlock&gt;, E:\Owner\Documents\Google Drive\Programs\Scripts\PowerShell\PsLogMessage\tests\Help.tests.ps1:103</stack-trace>
                    </failure>
                  </test-case>
                  <test-case description="has the correct [mandatory] value" name="help for ConvertTo-PSCodeString.- Help for parameter 'ProgressAction'.has the correct [mandatory] value" time="0.0152" asserts="0" success="False" result="Failure" executed="True">
                    <failure>
                      <message>Expected 'False', but got $null.</message>
                      <stack-trace>at $parameterHelp.Required | Should -Be $codeMandatory, E:\Owner\Documents\Google Drive\Programs\Scripts\PowerShell\PsLogMessage\tests\Help.tests.ps1:109
at &lt;ScriptBlock&gt;, E:\Owner\Documents\Google Drive\Programs\Scripts\PowerShell\PsLogMessage\tests\Help.tests.ps1:109</stack-trace>
                    </failure>
                  </test-case>
                  <test-case description="has the correct parameter type" name="help for ConvertTo-PSCodeString.- Help for parameter 'ProgressAction'.has the correct parameter type" time="0.0228" asserts="0" success="False" result="Failure" executed="True">
                    <failure>
                      <message>Expected 'ActionPreference', but got $null.</message>
                      <stack-trace>at $parameterHelpType | Should -Be $parameter.ParameterType.Name, E:\Owner\Documents\Google Drive\Programs\Scripts\PowerShell\PsLogMessage\tests\Help.tests.ps1:114
at &lt;ScriptBlock&gt;, E:\Owner\Documents\Google Drive\Programs\Scripts\PowerShell\PsLogMessage\tests\Help.tests.ps1:114</stack-trace>
                    </failure>
                  </test-case>
                </results>
              </test-suite>
              <test-case description="is not auto-generated" name="help for ConvertTo-PSCodeString.is not auto-generated" time="0.0066" asserts="0" success="True" result="Success" executed="True" />
              <test-case description="has a description" name="help for ConvertTo-PSCodeString.has a description" time="0.0047" asserts="0" success="True" result="Success" executed="True" />
              <test-case description="has example code" name="help for ConvertTo-PSCodeString.has example code" time="0.0683" asserts="0" success="False" result="Failure" executed="True">
                <failure>
                  <message>Expected a value, but got $null or empty.</message>
                  <stack-trace>at ($commandHelp.Examples.Example | Select-Object -First 1).Code | Should -Not -BeNullOrEmpty, E:\Owner\Documents\Google Drive\Programs\Scripts\PowerShell\PsLogMessage\tests\Help.tests.ps1:80
at &lt;ScriptBlock&gt;, E:\Owner\Documents\Google Drive\Programs\Scripts\PowerShell\PsLogMessage\tests\Help.tests.ps1:80</stack-trace>
                </failure>
              </test-case>
              <test-case description="has example help" name="help for ConvertTo-PSCodeString.has example help" time="0.0134" asserts="0" success="False" result="Failure" executed="True">
                <failure>
                  <message>Expected a value, but got $null or empty.</message>
                  <stack-trace>at ($commandHelp.Examples.Example.Remarks | Select-Object -First 1).Text | Should -Not -BeNullOrEmpty, E:\Owner\Documents\Google Drive\Programs\Scripts\PowerShell\PsLogMessage\tests\Help.tests.ps1:85
at &lt;ScriptBlock&gt;, E:\Owner\Documents\Google Drive\Programs\Scripts\PowerShell\PsLogMessage\tests\Help.tests.ps1:85</stack-trace>
                </failure>
              </test-case>
            </results>
          </test-suite>
          <test-suite type="TestFixture" name="help for Export-LogCsv" executed="True" result="Failure" success="False" time="1.3044" asserts="0" description="help for Export-LogCsv">
            <results>
              <test-suite type="TestFixture" name="help for Export-LogCsv.- Help for parameter 'Buffer'" executed="True" result="Success" success="True" time="0.1007" asserts="0" description="help for Export-LogCsv.- Help for parameter 'Buffer'">
                <results>
                  <test-case description="has a description" name="help for Export-LogCsv.- Help for parameter 'Buffer'.has a description" time="0.0098" asserts="0" success="True" result="Success" executed="True" />
                  <test-case description="has the correct [mandatory] value" name="help for Export-LogCsv.- Help for parameter 'Buffer'.has the correct [mandatory] value" time="0.0082" asserts="0" success="True" result="Success" executed="True" />
                  <test-case description="has the correct parameter type" name="help for Export-LogCsv.- Help for parameter 'Buffer'.has the correct parameter type" time="0.0144" asserts="0" success="True" result="Success" executed="True" />
                </results>
              </test-suite>
              <test-suite type="TestFixture" name="help for Export-LogCsv.- Help for parameter 'DebugOutputStream'" executed="True" result="Success" success="True" time="0.1421" asserts="0" description="help for Export-LogCsv.- Help for parameter 'DebugOutputStream'">
                <results>
                  <test-case description="has a description" name="help for Export-LogCsv.- Help for parameter 'DebugOutputStream'.has a description" time="0.0172" asserts="0" success="True" result="Success" executed="True" />
                  <test-case description="has the correct [mandatory] value" name="help for Export-LogCsv.- Help for parameter 'DebugOutputStream'.has the correct [mandatory] value" time="0.0061" asserts="0" success="True" result="Success" executed="True" />
                  <test-case description="has the correct parameter type" name="help for Export-LogCsv.- Help for parameter 'DebugOutputStream'.has the correct parameter type" time="0.007" asserts="0" success="True" result="Success" executed="True" />
                </results>
              </test-suite>
              <test-suite type="TestFixture" name="help for Export-LogCsv.- Help for parameter 'LogBuffer'" executed="True" result="Success" success="True" time="0.2829" asserts="0" description="help for Export-LogCsv.- Help for parameter 'LogBuffer'">
                <results>
                  <test-case description="has a description" name="help for Export-LogCsv.- Help for parameter 'LogBuffer'.has a description" time="0.0958" asserts="0" success="True" result="Success" executed="True" />
                  <test-case description="has the correct [mandatory] value" name="help for Export-LogCsv.- Help for parameter 'LogBuffer'.has the correct [mandatory] value" time="0.0069" asserts="0" success="True" result="Success" executed="True" />
                  <test-case description="has the correct parameter type" name="help for Export-LogCsv.- Help for parameter 'LogBuffer'.has the correct parameter type" time="0.0251" asserts="0" success="True" result="Success" executed="True" />
                </results>
              </test-suite>
              <test-suite type="TestFixture" name="help for Export-LogCsv.- Help for parameter 'LogFile'" executed="True" result="Success" success="True" time="0.3312" asserts="0" description="help for Export-LogCsv.- Help for parameter 'LogFile'">
                <results>
                  <test-case description="has a description" name="help for Export-LogCsv.- Help for parameter 'LogFile'.has a description" time="0.0066" asserts="0" success="True" result="Success" executed="True" />
                  <test-case description="has the correct [mandatory] value" name="help for Export-LogCsv.- Help for parameter 'LogFile'.has the correct [mandatory] value" time="0.0172" asserts="0" success="True" result="Success" executed="True" />
                  <test-case description="has the correct parameter type" name="help for Export-LogCsv.- Help for parameter 'LogFile'.has the correct parameter type" time="0.0087" asserts="0" success="True" result="Success" executed="True" />
                </results>
              </test-suite>
              <test-suite type="TestFixture" name="help for Export-LogCsv.- Help for parameter 'ProgressAction'" executed="True" result="Failure" success="False" time="0.4092" asserts="0" description="help for Export-LogCsv.- Help for parameter 'ProgressAction'">
                <results>
                  <test-case description="has a description" name="help for Export-LogCsv.- Help for parameter 'ProgressAction'.has a description" time="0.0189" asserts="0" success="False" result="Failure" executed="True">
                    <failure>
                      <message>Expected a value, but got $null or empty.</message>
                      <stack-trace>at $parameterHelp.Description.Text | Should -Not -BeNullOrEmpty, E:\Owner\Documents\Google Drive\Programs\Scripts\PowerShell\PsLogMessage\tests\Help.tests.ps1:103
at &lt;ScriptBlock&gt;, E:\Owner\Documents\Google Drive\Programs\Scripts\PowerShell\PsLogMessage\tests\Help.tests.ps1:103</stack-trace>
                    </failure>
                  </test-case>
                  <test-case description="has the correct [mandatory] value" name="help for Export-LogCsv.- Help for parameter 'ProgressAction'.has the correct [mandatory] value" time="0.0291" asserts="0" success="False" result="Failure" executed="True">
                    <failure>
                      <message>Expected 'False', but got $null.</message>
                      <stack-trace>at $parameterHelp.Required | Should -Be $codeMandatory, E:\Owner\Documents\Google Drive\Programs\Scripts\PowerShell\PsLogMessage\tests\Help.tests.ps1:109
at &lt;ScriptBlock&gt;, E:\Owner\Documents\Google Drive\Programs\Scripts\PowerShell\PsLogMessage\tests\Help.tests.ps1:109</stack-trace>
                    </failure>
                  </test-case>
                  <test-case description="has the correct parameter type" name="help for Export-LogCsv.- Help for parameter 'ProgressAction'.has the correct parameter type" time="0.0153" asserts="0" success="False" result="Failure" executed="True">
                    <failure>
                      <message>Expected 'ActionPreference', but got $null.</message>
                      <stack-trace>at $parameterHelpType | Should -Be $parameter.ParameterType.Name, E:\Owner\Documents\Google Drive\Programs\Scripts\PowerShell\PsLogMessage\tests\Help.tests.ps1:114
at &lt;ScriptBlock&gt;, E:\Owner\Documents\Google Drive\Programs\Scripts\PowerShell\PsLogMessage\tests\Help.tests.ps1:114</stack-trace>
                    </failure>
                  </test-case>
                </results>
              </test-suite>
              <test-suite type="TestFixture" name="help for Export-LogCsv.- Help for parameter 'ProgressParentId'" executed="True" result="Success" success="True" time="0.464" asserts="0" description="help for Export-LogCsv.- Help for parameter 'ProgressParentId'">
                <results>
                  <test-case description="has a description" name="help for Export-LogCsv.- Help for parameter 'ProgressParentId'.has a description" time="0.0115" asserts="0" success="True" result="Success" executed="True" />
                  <test-case description="has the correct [mandatory] value" name="help for Export-LogCsv.- Help for parameter 'ProgressParentId'.has the correct [mandatory] value" time="0.0101" asserts="0" success="True" result="Success" executed="True" />
                  <test-case description="has the correct parameter type" name="help for Export-LogCsv.- Help for parameter 'ProgressParentId'.has the correct parameter type" time="0.02" asserts="0" success="True" result="Success" executed="True" />
                </results>
              </test-suite>
              <test-suite type="TestFixture" name="help for Export-LogCsv.- Help for parameter 'ThisHostName'" executed="True" result="Success" success="True" time="0.5184" asserts="0" description="help for Export-LogCsv.- Help for parameter 'ThisHostName'">
                <results>
                  <test-case description="has a description" name="help for Export-LogCsv.- Help for parameter 'ThisHostName'.has a description" time="0.0075" asserts="0" success="True" result="Success" executed="True" />
                  <test-case description="has the correct [mandatory] value" name="help for Export-LogCsv.- Help for parameter 'ThisHostName'.has the correct [mandatory] value" time="0.0156" asserts="0" success="True" result="Success" executed="True" />
                  <test-case description="has the correct parameter type" name="help for Export-LogCsv.- Help for parameter 'ThisHostName'.has the correct parameter type" time="0.0135" asserts="0" success="True" result="Success" executed="True" />
                </results>
              </test-suite>
              <test-suite type="TestFixture" name="help for Export-LogCsv.- Help for parameter 'WhoAmI'" executed="True" result="Success" success="True" time="0.5568" asserts="0" description="help for Export-LogCsv.- Help for parameter 'WhoAmI'">
                <results>
                  <test-case description="has a description" name="help for Export-LogCsv.- Help for parameter 'WhoAmI'.has a description" time="0.0085" asserts="0" success="True" result="Success" executed="True" />
                  <test-case description="has the correct [mandatory] value" name="help for Export-LogCsv.- Help for parameter 'WhoAmI'.has the correct [mandatory] value" time="0.0071" asserts="0" success="True" result="Success" executed="True" />
                  <test-case description="has the correct parameter type" name="help for Export-LogCsv.- Help for parameter 'WhoAmI'.has the correct parameter type" time="0.0045" asserts="0" success="True" result="Success" executed="True" />
                </results>
              </test-suite>
              <test-case description="is not auto-generated" name="help for Export-LogCsv.is not auto-generated" time="0.011" asserts="0" success="True" result="Success" executed="True" />
              <test-case description="has a description" name="help for Export-LogCsv.has a description" time="0.0099" asserts="0" success="True" result="Success" executed="True" />
              <test-case description="has example code" name="help for Export-LogCsv.has example code" time="0.017" asserts="0" success="False" result="Failure" executed="True">
                <failure>
                  <message>Expected a value, but got $null or empty.</message>
                  <stack-trace>at ($commandHelp.Examples.Example | Select-Object -First 1).Code | Should -Not -BeNullOrEmpty, E:\Owner\Documents\Google Drive\Programs\Scripts\PowerShell\PsLogMessage\tests\Help.tests.ps1:80
at &lt;ScriptBlock&gt;, E:\Owner\Documents\Google Drive\Programs\Scripts\PowerShell\PsLogMessage\tests\Help.tests.ps1:80</stack-trace>
                </failure>
              </test-case>
              <test-case description="has example help" name="help for Export-LogCsv.has example help" time="0.0156" asserts="0" success="False" result="Failure" executed="True">
                <failure>
                  <message>Expected a value, but got $null or empty.</message>
                  <stack-trace>at ($commandHelp.Examples.Example.Remarks | Select-Object -First 1).Text | Should -Not -BeNullOrEmpty, E:\Owner\Documents\Google Drive\Programs\Scripts\PowerShell\PsLogMessage\tests\Help.tests.ps1:85
at &lt;ScriptBlock&gt;, E:\Owner\Documents\Google Drive\Programs\Scripts\PowerShell\PsLogMessage\tests\Help.tests.ps1:85</stack-trace>
                </failure>
              </test-case>
            </results>
          </test-suite>
          <test-suite type="TestFixture" name="help for Get-CurrentHostName" executed="True" result="Success" success="True" time="1.361" asserts="0" description="help for Get-CurrentHostName">
            <results>
              <test-case description="is not auto-generated" name="help for Get-CurrentHostName.is not auto-generated" time="0.0088" asserts="0" success="True" result="Success" executed="True" />
              <test-case description="has a description" name="help for Get-CurrentHostName.has a description" time="0.0102" asserts="0" success="True" result="Success" executed="True" />
              <test-case description="has example code" name="help for Get-CurrentHostName.has example code" time="0.0058" asserts="0" success="True" result="Success" executed="True" />
              <test-case description="has example help" name="help for Get-CurrentHostName.has example help" time="0.0076" asserts="0" success="True" result="Success" executed="True" />
            </results>
          </test-suite>
          <test-suite type="TestFixture" name="help for Get-CurrentWhoAmI" executed="True" result="Failure" success="False" time="1.5157" asserts="0" description="help for Get-CurrentWhoAmI">
            <results>
              <test-suite type="TestFixture" name="help for Get-CurrentWhoAmI.- Help for parameter 'LogBuffer'" executed="True" result="Failure" success="False" time="0.0545" asserts="0" description="help for Get-CurrentWhoAmI.- Help for parameter 'LogBuffer'">
                <results>
                  <test-case description="has a description" name="help for Get-CurrentWhoAmI.- Help for parameter 'LogBuffer'.has a description" time="0.0094" asserts="0" success="True" result="Success" executed="True" />
                  <test-case description="has the correct [mandatory] value" name="help for Get-CurrentWhoAmI.- Help for parameter 'LogBuffer'.has the correct [mandatory] value" time="0.0044" asserts="0" success="True" result="Success" executed="True" />
                  <test-case description="has the correct parameter type" name="help for Get-CurrentWhoAmI.- Help for parameter 'LogBuffer'.has the correct parameter type" time="0.0108" asserts="0" success="False" result="Failure" executed="True">
                    <failure>
                      <message>Expected strings to be the same, but they were different.
Expected length: 9
Actual length:   28
Strings differ at index 0.
Expected: 'Hashtable'
But was:  'System.Collections.Hashtable'
           ^</message>
                      <stack-trace>at $parameterHelpType | Should -Be $parameter.ParameterType.Name, E:\Owner\Documents\Google Drive\Programs\Scripts\PowerShell\PsLogMessage\tests\Help.tests.ps1:114
at &lt;ScriptBlock&gt;, E:\Owner\Documents\Google Drive\Programs\Scripts\PowerShell\PsLogMessage\tests\Help.tests.ps1:114</stack-trace>
                    </failure>
                  </test-case>
                </results>
              </test-suite>
              <test-suite type="TestFixture" name="help for Get-CurrentWhoAmI.- Help for parameter 'ThisHostName'" executed="True" result="Failure" success="False" time="0.0881" asserts="0" description="help for Get-CurrentWhoAmI.- Help for parameter 'ThisHostName'">
                <results>
                  <test-case description="has a description" name="help for Get-CurrentWhoAmI.- Help for parameter 'ThisHostName'.has a description" time="0.0065" asserts="0" success="True" result="Success" executed="True" />
                  <test-case description="has the correct [mandatory] value" name="help for Get-CurrentWhoAmI.- Help for parameter 'ThisHostName'.has the correct [mandatory] value" time="0.0074" asserts="0" success="True" result="Success" executed="True" />
                  <test-case description="has the correct parameter type" name="help for Get-CurrentWhoAmI.- Help for parameter 'ThisHostName'.has the correct parameter type" time="0.0127" asserts="0" success="False" result="Failure" executed="True">
                    <failure>
                      <message>Expected strings to be the same, but they were different.
Expected length: 6
Actual length:   13
Strings differ at index 1.
Expected: 'String'
But was:  'System.String'
           -^</message>
                      <stack-trace>at $parameterHelpType | Should -Be $parameter.ParameterType.Name, E:\Owner\Documents\Google Drive\Programs\Scripts\PowerShell\PsLogMessage\tests\Help.tests.ps1:114
at &lt;ScriptBlock&gt;, E:\Owner\Documents\Google Drive\Programs\Scripts\PowerShell\PsLogMessage\tests\Help.tests.ps1:114</stack-trace>
                    </failure>
                  </test-case>
                </results>
              </test-suite>
              <test-suite type="TestFixture" name="help for Get-CurrentWhoAmI.- Help for parameter 'WhoAmI'" executed="True" result="Failure" success="False" time="0.1316" asserts="0" description="help for Get-CurrentWhoAmI.- Help for parameter 'WhoAmI'">
                <results>
                  <test-case description="has a description" name="help for Get-CurrentWhoAmI.- Help for parameter 'WhoAmI'.has a description" time="0.012" asserts="0" success="True" result="Success" executed="True" />
                  <test-case description="has the correct [mandatory] value" name="help for Get-CurrentWhoAmI.- Help for parameter 'WhoAmI'.has the correct [mandatory] value" time="0.0053" asserts="0" success="True" result="Success" executed="True" />
                  <test-case description="has the correct parameter type" name="help for Get-CurrentWhoAmI.- Help for parameter 'WhoAmI'.has the correct parameter type" time="0.015" asserts="0" success="False" result="Failure" executed="True">
                    <failure>
                      <message>Expected strings to be the same, but they were different.
Expected length: 6
Actual length:   13
Strings differ at index 1.
Expected: 'String'
But was:  'System.String'
           -^</message>
                      <stack-trace>at $parameterHelpType | Should -Be $parameter.ParameterType.Name, E:\Owner\Documents\Google Drive\Programs\Scripts\PowerShell\PsLogMessage\tests\Help.tests.ps1:114
at &lt;ScriptBlock&gt;, E:\Owner\Documents\Google Drive\Programs\Scripts\PowerShell\PsLogMessage\tests\Help.tests.ps1:114</stack-trace>
                    </failure>
                  </test-case>
                </results>
              </test-suite>
              <test-case description="is not auto-generated" name="help for Get-CurrentWhoAmI.is not auto-generated" time="0.0058" asserts="0" success="True" result="Success" executed="True" />
              <test-case description="has a description" name="help for Get-CurrentWhoAmI.has a description" time="0.0078" asserts="0" success="True" result="Success" executed="True" />
              <test-case description="has example code" name="help for Get-CurrentWhoAmI.has example code" time="0.0042" asserts="0" success="True" result="Success" executed="True" />
              <test-case description="has example help" name="help for Get-CurrentWhoAmI.has example help" time="0.0043" asserts="0" success="True" result="Success" executed="True" />
            </results>
          </test-suite>
          <test-suite type="TestFixture" name="help for New-DatedSubfolder" executed="True" result="Failure" success="False" time="1.7386" asserts="0" description="help for New-DatedSubfolder">
            <results>
              <test-suite type="TestFixture" name="help for New-DatedSubfolder.- Help for parameter 'ProgressAction'" executed="True" result="Failure" success="False" time="0.082" asserts="0" description="help for New-DatedSubfolder.- Help for parameter 'ProgressAction'">
                <results>
                  <test-case description="has a description" name="help for New-DatedSubfolder.- Help for parameter 'ProgressAction'.has a description" time="0.0087" asserts="0" success="True" result="Success" executed="True" />
                  <test-case description="has the correct [mandatory] value" name="help for New-DatedSubfolder.- Help for parameter 'ProgressAction'.has the correct [mandatory] value" time="0.0064" asserts="0" success="True" result="Success" executed="True" />
                  <test-case description="has the correct parameter type" name="help for New-DatedSubfolder.- Help for parameter 'ProgressAction'.has the correct parameter type" time="0.0116" asserts="0" success="False" result="Failure" executed="True">
                    <failure>
                      <message>Expected strings to be the same, but they were different.
Expected length: 16
Actual length:   45
Strings differ at index 0.
Expected: 'ActionPreference'
But was:  'System.Management.Automation.ActionPreference'
           ^</message>
                      <stack-trace>at $parameterHelpType | Should -Be $parameter.ParameterType.Name, E:\Owner\Documents\Google Drive\Programs\Scripts\PowerShell\PsLogMessage\tests\Help.tests.ps1:114
at &lt;ScriptBlock&gt;, E:\Owner\Documents\Google Drive\Programs\Scripts\PowerShell\PsLogMessage\tests\Help.tests.ps1:114</stack-trace>
                    </failure>
                  </test-case>
                </results>
              </test-suite>
              <test-suite type="TestFixture" name="help for New-DatedSubfolder.- Help for parameter 'Root'" executed="True" result="Failure" success="False" time="0.1313" asserts="0" description="help for New-DatedSubfolder.- Help for parameter 'Root'">
                <results>
                  <test-case description="has a description" name="help for New-DatedSubfolder.- Help for parameter 'Root'.has a description" time="0.0065" asserts="0" success="True" result="Success" executed="True" />
                  <test-case description="has the correct [mandatory] value" name="help for New-DatedSubfolder.- Help for parameter 'Root'.has the correct [mandatory] value" time="0.0073" asserts="0" success="True" result="Success" executed="True" />
                  <test-case description="has the correct parameter type" name="help for New-DatedSubfolder.- Help for parameter 'Root'.has the correct parameter type" time="0.0123" asserts="0" success="False" result="Failure" executed="True">
                    <failure>
                      <message>Expected strings to be the same, but they were different.
Expected length: 6
Actual length:   13
Strings differ at index 1.
Expected: 'String'
But was:  'System.String'
           -^</message>
                      <stack-trace>at $parameterHelpType | Should -Be $parameter.ParameterType.Name, E:\Owner\Documents\Google Drive\Programs\Scripts\PowerShell\PsLogMessage\tests\Help.tests.ps1:114
at &lt;ScriptBlock&gt;, E:\Owner\Documents\Google Drive\Programs\Scripts\PowerShell\PsLogMessage\tests\Help.tests.ps1:114</stack-trace>
                    </failure>
                  </test-case>
                </results>
              </test-suite>
              <test-suite type="TestFixture" name="help for New-DatedSubfolder.- Help for parameter 'Suffix'" executed="True" result="Failure" success="False" time="0.1988" asserts="0" description="help for New-DatedSubfolder.- Help for parameter 'Suffix'">
                <results>
                  <test-case description="has a description" name="help for New-DatedSubfolder.- Help for parameter 'Suffix'.has a description" time="0.0125" asserts="0" success="True" result="Success" executed="True" />
                  <test-case description="has the correct [mandatory] value" name="help for New-DatedSubfolder.- Help for parameter 'Suffix'.has the correct [mandatory] value" time="0.0163" asserts="0" success="True" result="Success" executed="True" />
                  <test-case description="has the correct parameter type" name="help for New-DatedSubfolder.- Help for parameter 'Suffix'.has the correct parameter type" time="0.0202" asserts="0" success="False" result="Failure" executed="True">
                    <failure>
                      <message>Expected strings to be the same, but they were different.
Expected length: 6
Actual length:   13
Strings differ at index 1.
Expected: 'String'
But was:  'System.String'
           -^</message>
                      <stack-trace>at $parameterHelpType | Should -Be $parameter.ParameterType.Name, E:\Owner\Documents\Google Drive\Programs\Scripts\PowerShell\PsLogMessage\tests\Help.tests.ps1:114
at &lt;ScriptBlock&gt;, E:\Owner\Documents\Google Drive\Programs\Scripts\PowerShell\PsLogMessage\tests\Help.tests.ps1:114</stack-trace>
                    </failure>
                  </test-case>
                </results>
              </test-suite>
              <test-case description="is not auto-generated" name="help for New-DatedSubfolder.is not auto-generated" time="0.0103" asserts="0" success="True" result="Success" executed="True" />
              <test-case description="has a description" name="help for New-DatedSubfolder.has a description" time="0.0068" asserts="0" success="True" result="Success" executed="True" />
              <test-case description="has example code" name="help for New-DatedSubfolder.has example code" time="0.0093" asserts="0" success="True" result="Success" executed="True" />
              <test-case description="has example help" name="help for New-DatedSubfolder.has example help" time="0.0119" asserts="0" success="True" result="Success" executed="True" />
            </results>
          </test-suite>
          <test-suite type="TestFixture" name="help for Write-LogMsg" executed="True" result="Failure" success="False" time="2.1479" asserts="0" description="help for Write-LogMsg">
            <results>
              <test-suite type="TestFixture" name="help for Write-LogMsg.- Help for parameter 'AddPrefix'" executed="True" result="Success" success="True" time="0.0756" asserts="0" description="help for Write-LogMsg.- Help for parameter 'AddPrefix'">
                <results>
                  <test-case description="has a description" name="help for Write-LogMsg.- Help for parameter 'AddPrefix'.has a description" time="0.0075" asserts="0" success="True" result="Success" executed="True" />
                  <test-case description="has the correct [mandatory] value" name="help for Write-LogMsg.- Help for parameter 'AddPrefix'.has the correct [mandatory] value" time="0.0098" asserts="0" success="True" result="Success" executed="True" />
                  <test-case description="has the correct parameter type" name="help for Write-LogMsg.- Help for parameter 'AddPrefix'.has the correct parameter type" time="0.0038" asserts="0" success="True" result="Success" executed="True" />
                </results>
              </test-suite>
              <test-suite type="TestFixture" name="help for Write-LogMsg.- Help for parameter 'Buffer'" executed="True" result="Success" success="True" time="0.0983" asserts="0" description="help for Write-LogMsg.- Help for parameter 'Buffer'">
                <results>
                  <test-case description="has a description" name="help for Write-LogMsg.- Help for parameter 'Buffer'.has a description" time="0.0044" asserts="0" success="True" result="Success" executed="True" />
                  <test-case description="has the correct [mandatory] value" name="help for Write-LogMsg.- Help for parameter 'Buffer'.has the correct [mandatory] value" time="0.0046" asserts="0" success="True" result="Success" executed="True" />
                  <test-case description="has the correct parameter type" name="help for Write-LogMsg.- Help for parameter 'Buffer'.has the correct parameter type" time="0.0053" asserts="0" success="True" result="Success" executed="True" />
                </results>
              </test-suite>
              <test-suite type="TestFixture" name="help for Write-LogMsg.- Help for parameter 'Expand'" executed="True" result="Success" success="True" time="0.1269" asserts="0" description="help for Write-LogMsg.- Help for parameter 'Expand'">
                <results>
                  <test-case description="has a description" name="help for Write-LogMsg.- Help for parameter 'Expand'.has a description" time="0.0065" asserts="0" success="True" result="Success" executed="True" />
                  <test-case description="has the correct [mandatory] value" name="help for Write-LogMsg.- Help for parameter 'Expand'.has the correct [mandatory] value" time="0.0042" asserts="0" success="True" result="Success" executed="True" />
                  <test-case description="has the correct parameter type" name="help for Write-LogMsg.- Help for parameter 'Expand'.has the correct parameter type" time="0.0103" asserts="0" success="True" result="Success" executed="True" />
                </results>
              </test-suite>
              <test-suite type="TestFixture" name="help for Write-LogMsg.- Help for parameter 'ExpandKeyMap'" executed="True" result="Success" success="True" time="0.1504" asserts="0" description="help for Write-LogMsg.- Help for parameter 'ExpandKeyMap'">
                <results>
                  <test-case description="has a description" name="help for Write-LogMsg.- Help for parameter 'ExpandKeyMap'.has a description" time="0.0076" asserts="0" success="True" result="Success" executed="True" />
                  <test-case description="has the correct [mandatory] value" name="help for Write-LogMsg.- Help for parameter 'ExpandKeyMap'.has the correct [mandatory] value" time="0.0049" asserts="0" success="True" result="Success" executed="True" />
                  <test-case description="has the correct parameter type" name="help for Write-LogMsg.- Help for parameter 'ExpandKeyMap'.has the correct parameter type" time="0.0038" asserts="0" success="True" result="Success" executed="True" />
                </results>
              </test-suite>
              <test-suite type="TestFixture" name="help for Write-LogMsg.- Help for parameter 'LogFile'" executed="True" result="Success" success="True" time="0.1834" asserts="0" description="help for Write-LogMsg.- Help for parameter 'LogFile'">
                <results>
                  <test-case description="has a description" name="help for Write-LogMsg.- Help for parameter 'LogFile'.has a description" time="0.0082" asserts="0" success="True" result="Success" executed="True" />
                  <test-case description="has the correct [mandatory] value" name="help for Write-LogMsg.- Help for parameter 'LogFile'.has the correct [mandatory] value" time="0.0081" asserts="0" success="True" result="Success" executed="True" />
                  <test-case description="has the correct parameter type" name="help for Write-LogMsg.- Help for parameter 'LogFile'.has the correct parameter type" time="0.0062" asserts="0" success="True" result="Success" executed="True" />
                </results>
              </test-suite>
              <test-suite type="TestFixture" name="help for Write-LogMsg.- Help for parameter 'PassThru'" executed="True" result="Success" success="True" time="0.2134" asserts="0" description="help for Write-LogMsg.- Help for parameter 'PassThru'">
                <results>
                  <test-case description="has a description" name="help for Write-LogMsg.- Help for parameter 'PassThru'.has a description" time="0.0054" asserts="0" success="True" result="Success" executed="True" />
                  <test-case description="has the correct [mandatory] value" name="help for Write-LogMsg.- Help for parameter 'PassThru'.has the correct [mandatory] value" time="0.0049" asserts="0" success="True" result="Success" executed="True" />
                  <test-case description="has the correct parameter type" name="help for Write-LogMsg.- Help for parameter 'PassThru'.has the correct parameter type" time="0.0054" asserts="0" success="True" result="Success" executed="True" />
                </results>
              </test-suite>
              <test-suite type="TestFixture" name="help for Write-LogMsg.- Help for parameter 'ProgressAction'" executed="True" result="Failure" success="False" time="0.2653" asserts="0" description="help for Write-LogMsg.- Help for parameter 'ProgressAction'">
                <results>
                  <test-case description="has a description" name="help for Write-LogMsg.- Help for parameter 'ProgressAction'.has a description" time="0.0142" asserts="0" success="False" result="Failure" executed="True">
                    <failure>
                      <message>Expected a value, but got $null or empty.</message>
                      <stack-trace>at $parameterHelp.Description.Text | Should -Not -BeNullOrEmpty, E:\Owner\Documents\Google Drive\Programs\Scripts\PowerShell\PsLogMessage\tests\Help.tests.ps1:103
at &lt;ScriptBlock&gt;, E:\Owner\Documents\Google Drive\Programs\Scripts\PowerShell\PsLogMessage\tests\Help.tests.ps1:103</stack-trace>
                    </failure>
                  </test-case>
                  <test-case description="has the correct [mandatory] value" name="help for Write-LogMsg.- Help for parameter 'ProgressAction'.has the correct [mandatory] value" time="0.0137" asserts="0" success="False" result="Failure" executed="True">
                    <failure>
                      <message>Expected 'False', but got $null.</message>
                      <stack-trace>at $parameterHelp.Required | Should -Be $codeMandatory, E:\Owner\Documents\Google Drive\Programs\Scripts\PowerShell\PsLogMessage\tests\Help.tests.ps1:109
at &lt;ScriptBlock&gt;, E:\Owner\Documents\Google Drive\Programs\Scripts\PowerShell\PsLogMessage\tests\Help.tests.ps1:109</stack-trace>
                    </failure>
                  </test-case>
                  <test-case description="has the correct parameter type" name="help for Write-LogMsg.- Help for parameter 'ProgressAction'.has the correct parameter type" time="0.0135" asserts="0" success="False" result="Failure" executed="True">
                    <failure>
                      <message>Expected 'ActionPreference', but got $null.</message>
                      <stack-trace>at $parameterHelpType | Should -Be $parameter.ParameterType.Name, E:\Owner\Documents\Google Drive\Programs\Scripts\PowerShell\PsLogMessage\tests\Help.tests.ps1:114
at &lt;ScriptBlock&gt;, E:\Owner\Documents\Google Drive\Programs\Scripts\PowerShell\PsLogMessage\tests\Help.tests.ps1:114</stack-trace>
                    </failure>
                  </test-case>
                </results>
              </test-suite>
              <test-suite type="TestFixture" name="help for Write-LogMsg.- Help for parameter 'Text'" executed="True" result="Success" success="True" time="0.2872" asserts="0" description="help for Write-LogMsg.- Help for parameter 'Text'">
                <results>
                  <test-case description="has a description" name="help for Write-LogMsg.- Help for parameter 'Text'.has a description" time="0.005" asserts="0" success="True" result="Success" executed="True" />
                  <test-case description="has the correct [mandatory] value" name="help for Write-LogMsg.- Help for parameter 'Text'.has the correct [mandatory] value" time="0.0036" asserts="0" success="True" result="Success" executed="True" />
                  <test-case description="has the correct parameter type" name="help for Write-LogMsg.- Help for parameter 'Text'.has the correct parameter type" time="0.0033" asserts="0" success="True" result="Success" executed="True" />
                </results>
              </test-suite>
              <test-suite type="TestFixture" name="help for Write-LogMsg.- Help for parameter 'ThisHostname'" executed="True" result="Success" success="True" time="0.3131" asserts="0" description="help for Write-LogMsg.- Help for parameter 'ThisHostname'">
                <results>
                  <test-case description="has a description" name="help for Write-LogMsg.- Help for parameter 'ThisHostname'.has a description" time="0.0065" asserts="0" success="True" result="Success" executed="True" />
                  <test-case description="has the correct [mandatory] value" name="help for Write-LogMsg.- Help for parameter 'ThisHostname'.has the correct [mandatory] value" time="0.0036" asserts="0" success="True" result="Success" executed="True" />
                  <test-case description="has the correct parameter type" name="help for Write-LogMsg.- Help for parameter 'ThisHostname'.has the correct parameter type" time="0.0049" asserts="0" success="True" result="Success" executed="True" />
                </results>
              </test-suite>
              <test-suite type="TestFixture" name="help for Write-LogMsg.- Help for parameter 'Type'" executed="True" result="Success" success="True" time="0.3493" asserts="0" description="help for Write-LogMsg.- Help for parameter 'Type'">
                <results>
                  <test-case description="has a description" name="help for Write-LogMsg.- Help for parameter 'Type'.has a description" time="0.0073" asserts="0" success="True" result="Success" executed="True" />
                  <test-case description="has the correct [mandatory] value" name="help for Write-LogMsg.- Help for parameter 'Type'.has the correct [mandatory] value" time="0.0061" asserts="0" success="True" result="Success" executed="True" />
                  <test-case description="has the correct parameter type" name="help for Write-LogMsg.- Help for parameter 'Type'.has the correct parameter type" time="0.01" asserts="0" success="True" result="Success" executed="True" />
                </results>
              </test-suite>
              <test-suite type="TestFixture" name="help for Write-LogMsg.- Help for parameter 'WhoAmI'" executed="True" result="Success" success="True" time="0.376" asserts="0" description="help for Write-LogMsg.- Help for parameter 'WhoAmI'">
                <results>
                  <test-case description="has a description" name="help for Write-LogMsg.- Help for parameter 'WhoAmI'.has a description" time="0.0071" asserts="0" success="True" result="Success" executed="True" />
                  <test-case description="has the correct [mandatory] value" name="help for Write-LogMsg.- Help for parameter 'WhoAmI'.has the correct [mandatory] value" time="0.0042" asserts="0" success="True" result="Success" executed="True" />
                  <test-case description="has the correct parameter type" name="help for Write-LogMsg.- Help for parameter 'WhoAmI'.has the correct parameter type" time="0.006" asserts="0" success="True" result="Success" executed="True" />
                </results>
              </test-suite>
              <test-case description="is not auto-generated" name="help for Write-LogMsg.is not auto-generated" time="0.0111" asserts="0" success="True" result="Success" executed="True" />
              <test-case description="has a description" name="help for Write-LogMsg.has a description" time="0.0061" asserts="0" success="True" result="Success" executed="True" />
              <test-case description="has example code" name="help for Write-LogMsg.has example code" time="0.0144" asserts="0" success="False" result="Failure" executed="True">
                <failure>
                  <message>Expected a value, but got $null or empty.</message>
                  <stack-trace>at ($commandHelp.Examples.Example | Select-Object -First 1).Code | Should -Not -BeNullOrEmpty, E:\Owner\Documents\Google Drive\Programs\Scripts\PowerShell\PsLogMessage\tests\Help.tests.ps1:80
at &lt;ScriptBlock&gt;, E:\Owner\Documents\Google Drive\Programs\Scripts\PowerShell\PsLogMessage\tests\Help.tests.ps1:80</stack-trace>
                </failure>
              </test-case>
              <test-case description="has example help" name="help for Write-LogMsg.has example help" time="0.0117" asserts="0" success="False" result="Failure" executed="True">
                <failure>
                  <message>Expected a value, but got $null or empty.</message>
                  <stack-trace>at ($commandHelp.Examples.Example.Remarks | Select-Object -First 1).Text | Should -Not -BeNullOrEmpty, E:\Owner\Documents\Google Drive\Programs\Scripts\PowerShell\PsLogMessage\tests\Help.tests.ps1:85
at &lt;ScriptBlock&gt;, E:\Owner\Documents\Google Drive\Programs\Scripts\PowerShell\PsLogMessage\tests\Help.tests.ps1:85</stack-trace>
                </failure>
              </test-case>
            </results>
          </test-suite>
        </results>
      </test-suite>
      <test-suite type="TestFixture" name="E:\Owner\Documents\Google Drive\Programs\Scripts\PowerShell\PsLogMessage\tests\Manifest.tests.ps1" executed="True" result="Ignored" success="True" time="0.5371" asserts="0" description="E:\Owner\Documents\Google Drive\Programs\Scripts\PowerShell\PsLogMessage\tests\Manifest.tests.ps1">
        <results>
          <test-suite type="TestFixture" name="module manifest 'PsLogMessage.psd1'" executed="True" result="Success" success="True" time="0.22" asserts="0" description="module manifest 'PsLogMessage.psd1'">
            <results>
              <test-suite type="TestFixture" name="module manifest 'PsLogMessage.psd1'.- Validation" executed="True" result="Success" success="True" time="0.2138" asserts="0" description="module manifest 'PsLogMessage.psd1'.- Validation">
                <results>
                  <test-case description="is a valid manifest" name="module manifest 'PsLogMessage.psd1'.- Validation.is a valid manifest" time="0.0222" asserts="0" success="True" result="Success" executed="True" />
                  <test-case description="has a valid name in the manifest" name="module manifest 'PsLogMessage.psd1'.- Validation.has a valid name in the manifest" time="0.018" asserts="0" success="True" result="Success" executed="True" />
                  <test-case description="has a valid root module" name="module manifest 'PsLogMessage.psd1'.- Validation.has a valid root module" time="0.0205" asserts="0" success="True" result="Success" executed="True" />
                  <test-case description="has a valid version" name="module manifest 'PsLogMessage.psd1'.- Validation.has a valid version" time="0.0225" asserts="0" success="True" result="Success" executed="True" />
                  <test-case description="has a valid description" name="module manifest 'PsLogMessage.psd1'.- Validation.has a valid description" time="0.0244" asserts="0" success="True" result="Success" executed="True" />
                  <test-case description="has a valid author" name="module manifest 'PsLogMessage.psd1'.- Validation.has a valid author" time="0.0249" asserts="0" success="True" result="Success" executed="True" />
                  <test-case description="has a valid guid" name="module manifest 'PsLogMessage.psd1'.- Validation.has a valid guid" time="0.0553" asserts="0" success="True" result="Success" executed="True" />
                  <test-case description="has a valid copyright" name="module manifest 'PsLogMessage.psd1'.- Validation.has a valid copyright" time="0.0181" asserts="0" success="True" result="Success" executed="True" />
                </results>
              </test-suite>
            </results>
          </test-suite>
          <test-suite type="TestFixture" name="Git tagging" executed="True" result="Ignored" success="True" time="0.2423" asserts="0" description="Git tagging">
            <results>
              <test-suite type="TestFixture" name="Git tagging.- Git tag version ''" executed="True" result="Ignored" success="True" time="0.0169" asserts="0" description="Git tagging.- Git tag version ''">
                <results>
                  <test-case description="is a valid version" name="Git tagging.- Git tag version ''.is a valid version" time="0.0075" asserts="0" success="False" result="Ignored" executed="False" />
                  <test-case description="matches the module manifest version" name="Git tagging.- Git tag version ''.matches the module manifest version" time="0.0035" asserts="0" success="False" result="Ignored" executed="False" />
                </results>
              </test-suite>
            </results>
          </test-suite>
        </results>
      </test-suite>
      <test-suite type="TestFixture" name="E:\Owner\Documents\Google Drive\Programs\Scripts\PowerShell\PsLogMessage\tests\Metadata.tests.ps1" executed="True" result="Success" success="True" time="0.5252" asserts="0" description="E:\Owner\Documents\Google Drive\Programs\Scripts\PowerShell\PsLogMessage\tests\Metadata.tests.ps1">
        <results>
          <test-suite type="TestFixture" name="text files" executed="True" result="Success" success="True" time="0.0819" asserts="0" description="text files">
            <results>
              <test-suite type="TestFixture" name="text files.- File Encoding" executed="True" result="Success" success="True" time="0.0383" asserts="0" description="text files.- File Encoding">
                <results>
                  <test-case description="do not use Unicode/UTF-16 encoding" name="text files.- File Encoding.do not use Unicode/UTF-16 encoding" time="0.0305" asserts="0" success="True" result="Success" executed="True" />
                </results>
              </test-suite>
              <test-suite type="TestFixture" name="text files.- Indentations" executed="True" result="Success" success="True" time="0.0718" asserts="0" description="text files.- Indentations">
                <results>
                  <test-case description="do not use tabs for indentations" name="text files.- Indentations.do not use tabs for indentations" time="0.0222" asserts="0" success="True" result="Success" executed="True" />
                </results>
              </test-suite>
            </results>
          </test-suite>
        </results>
      </test-suite>
      <test-suite type="TestFixture" name="E:\Owner\Documents\Google Drive\Programs\Scripts\PowerShell\PsLogMessage\tests\Module.tests.ps1" executed="True" result="Success" success="True" time="0.3007" asserts="0" description="E:\Owner\Documents\Google Drive\Programs\Scripts\PowerShell\PsLogMessage\tests\Module.tests.ps1">
        <results>
          <test-suite type="TestFixture" name="PowerShell files in module 'PsLogMessage'" executed="True" result="Success" success="True" time="0.0748" asserts="0" description="PowerShell files in module 'PsLogMessage'">
            <results>
              <test-suite type="ParameterizedTest" name="PowerShell files in module 'PsLogMessage'.'&lt;Script&gt;' can be tokenized by the PowerShell parser without any errors" executed="True" result="Success" success="True" time="0.0676" asserts="0" description="'&lt;Script&gt;' can be tokenized by the PowerShell parser without any errors">
                <results>
                  <test-case description="'E:\Owner\Documents\Google Drive\Programs\Scripts\PowerShell\PsLogMessage\dist\1.0.58\PsLogMessage\PsLogMessage.psd1' can be tokenized by the PowerShell parser without any errors" name="PowerShell files in module 'PsLogMessage'.'E:\Owner\Documents\Google Drive\Programs\Scripts\PowerShell\PsLogMessage\dist\1.0.58\PsLogMessage\PsLogMessage.psd1' can be tokenized by the PowerShell parser without any errors" time="0.0522" asserts="0" success="True" result="Success" executed="True" />
                  <test-case description="'E:\Owner\Documents\Google Drive\Programs\Scripts\PowerShell\PsLogMessage\dist\1.0.58\PsLogMessage\PsLogMessage.psm1' can be tokenized by the PowerShell parser without any errors" name="PowerShell files in module 'PsLogMessage'.'E:\Owner\Documents\Google Drive\Programs\Scripts\PowerShell\PsLogMessage\dist\1.0.58\PsLogMessage\PsLogMessage.psm1' can be tokenized by the PowerShell parser without any errors" time="0.0155" asserts="0" success="True" result="Success" executed="True" />
                </results>
              </test-suite>
            </results>
          </test-suite>
          <test-suite type="TestFixture" name="module 'PsLogMessage'" executed="True" result="Success" success="True" time="0.1192" asserts="0" description="module 'PsLogMessage'">
            <results>
              <test-suite type="ParameterizedTest" name="module 'PsLogMessage'.can be imported without any errors" executed="True" result="Success" success="True" time="0.0383" asserts="0" description="can be imported without any errors">
                <results>
                  <test-case description="can be imported without any errors" name="module 'PsLogMessage'.can be imported without any errors(&quot;E:\Owner\Documents\Google Drive\Programs\Scripts\PowerShell\PsLogMessage\dist\1.0.58\PsLogMessage\PsLogMessage.psm1&quot;)" time="0.0383" asserts="0" success="True" result="Success" executed="True" />
                </results>
              </test-suite>
            </results>
          </test-suite>
        </results>
      </test-suite>
      <test-suite type="TestFixture" name="E:\Owner\Documents\Google Drive\Programs\Scripts\PowerShell\PsLogMessage\tests\Project.tests.ps1" executed="True" result="Success" success="True" time="0.285" asserts="0" description="E:\Owner\Documents\Google Drive\Programs\Scripts\PowerShell\PsLogMessage\tests\Project.tests.ps1">
        <results>
          <test-suite type="TestFixture" name="change log" executed="True" result="Success" success="True" time="0.0635" asserts="0" description="change log">
            <results>
              <test-suite type="TestFixture" name="change log.- Version" executed="True" result="Success" success="True" time="0.0579" asserts="0" description="change log.- Version">
                <results>
                  <test-case description="has a valid version" name="change log.- Version.has a valid version" time="0.0267" asserts="0" success="True" result="Success" executed="True" />
                  <test-case description="has the same version as the manifest" name="change log.- Version.has the same version as the manifest" time="0.0232" asserts="0" success="True" result="Success" executed="True" />
                </results>
              </test-suite>
            </results>
          </test-suite>
        </results>
      </test-suite>
    </results>
  </test-suite>
</test-results>