<?xml version="1.0" encoding="utf-8" standalone="no"?>
<test-results xmlns:xsi="http://www.w3.org/2001/XMLSchema-instance" xsi:noNamespaceSchemaLocation="nunit_schema_2.5.xsd" name="Pester" total="104" errors="0" failures="16" not-run="0" inconclusive="0" ignored="0" skipped="2" invalid="0" date="2024-02-02" time="17:27:27">
  <environment clr-version="Unknown" os-version="10.0.19044" cwd="E:\Owner\Documents\Google Drive\Programs\Scripts\PowerShell\PsLogMessage\tests" nunit-version="2.5.8.0" user="Owner" platform="Microsoft Windows 10 Pro|C:\WINDOWS|\Device\Harddisk0\Partition2" user-domain="JLA-LoftHTPC" machine-name="JLA-LOFTHTPC" />
  <culture-info current-culture="en-US" current-uiculture="en-US" />
  <test-suite type="TestFixture" name="Pester" executed="True" result="Failure" success="False" time="4.7018" asserts="0" description="Pester">
    <results>
      <test-suite type="TestFixture" name="E:\Owner\Documents\Google Drive\Programs\Scripts\PowerShell\PsLogMessage\tests\Function.tests.ps1" executed="True" result="Success" success="True" time="1.3134" asserts="0" description="E:\Owner\Documents\Google Drive\Programs\Scripts\PowerShell\PsLogMessage\tests\Function.tests.ps1">
        <results>
          <test-suite type="TestFixture" name="function 'ConvertTo-DnsFqdn.ps1'" executed="True" result="Success" success="True" time="0.407" asserts="0" description="function 'ConvertTo-DnsFqdn.ps1'">
            <results>
              <test-suite type="ParameterizedTest" name="function 'ConvertTo-DnsFqdn.ps1'.can be tokenized by the PowerShell parser without any errors" executed="True" result="Success" success="True" time="0.242" asserts="0" description="can be tokenized by the PowerShell parser without any errors">
                <results>
                  <test-case description="can be tokenized by the PowerShell parser without any errors" name="function 'ConvertTo-DnsFqdn.ps1'.can be tokenized by the PowerShell parser without any errors(&quot;E:\Owner\Documents\Google Drive\Programs\Scripts\PowerShell\PsLogMessage\src\functions\public\ConvertTo-DnsFqdn.ps1&quot;)" time="0.242" asserts="0" success="True" result="Success" executed="True" />
                </results>
              </test-suite>
              <test-suite type="ParameterizedTest" name="function 'ConvertTo-DnsFqdn.ps1'.runs without throwing errors" executed="True" result="Success" success="True" time="0.0554" asserts="0" description="runs without throwing errors">
                <results>
                  <test-case description="runs without throwing errors" name="function 'ConvertTo-DnsFqdn.ps1'.runs without throwing errors(&quot;E:\Owner\Documents\Google Drive\Programs\Scripts\PowerShell\PsLogMessage\src\functions\public\ConvertTo-DnsFqdn.ps1&quot;)" time="0.0554" asserts="0" success="True" result="Success" executed="True" />
                </results>
              </test-suite>
            </results>
          </test-suite>
          <test-suite type="TestFixture" name="function 'Get-CurrentHostname.ps1'" executed="True" result="Success" success="True" time="0.4646" asserts="0" description="function 'Get-CurrentHostname.ps1'">
            <results>
              <test-suite type="ParameterizedTest" name="function 'Get-CurrentHostname.ps1'.can be tokenized by the PowerShell parser without any errors" executed="True" result="Success" success="True" time="0.0301" asserts="0" description="can be tokenized by the PowerShell parser without any errors">
                <results>
                  <test-case description="can be tokenized by the PowerShell parser without any errors" name="function 'Get-CurrentHostname.ps1'.can be tokenized by the PowerShell parser without any errors(&quot;E:\Owner\Documents\Google Drive\Programs\Scripts\PowerShell\PsLogMessage\src\functions\public\Get-CurrentHostname.ps1&quot;)" time="0.0301" asserts="0" success="True" result="Success" executed="True" />
                </results>
              </test-suite>
              <test-suite type="ParameterizedTest" name="function 'Get-CurrentHostname.ps1'.runs without throwing errors" executed="True" result="Success" success="True" time="0.0229" asserts="0" description="runs without throwing errors">
                <results>
                  <test-case description="runs without throwing errors" name="function 'Get-CurrentHostname.ps1'.runs without throwing errors(&quot;E:\Owner\Documents\Google Drive\Programs\Scripts\PowerShell\PsLogMessage\src\functions\public\Get-CurrentHostname.ps1&quot;)" time="0.0229" asserts="0" success="True" result="Success" executed="True" />
                </results>
              </test-suite>
            </results>
          </test-suite>
          <test-suite type="TestFixture" name="function 'Get-CurrentWhoAmI.ps1'" executed="True" result="Success" success="True" time="0.4996" asserts="0" description="function 'Get-CurrentWhoAmI.ps1'">
            <results>
              <test-suite type="ParameterizedTest" name="function 'Get-CurrentWhoAmI.ps1'.can be tokenized by the PowerShell parser without any errors" executed="True" result="Success" success="True" time="0.0093" asserts="0" description="can be tokenized by the PowerShell parser without any errors">
                <results>
                  <test-case description="can be tokenized by the PowerShell parser without any errors" name="function 'Get-CurrentWhoAmI.ps1'.can be tokenized by the PowerShell parser without any errors(&quot;E:\Owner\Documents\Google Drive\Programs\Scripts\PowerShell\PsLogMessage\src\functions\public\Get-CurrentWhoAmI.ps1&quot;)" time="0.0093" asserts="0" success="True" result="Success" executed="True" />
                </results>
              </test-suite>
              <test-suite type="ParameterizedTest" name="function 'Get-CurrentWhoAmI.ps1'.runs without throwing errors" executed="True" result="Success" success="True" time="0.0223" asserts="0" description="runs without throwing errors">
                <results>
                  <test-case description="runs without throwing errors" name="function 'Get-CurrentWhoAmI.ps1'.runs without throwing errors(&quot;E:\Owner\Documents\Google Drive\Programs\Scripts\PowerShell\PsLogMessage\src\functions\public\Get-CurrentWhoAmI.ps1&quot;)" time="0.0223" asserts="0" success="True" result="Success" executed="True" />
                </results>
              </test-suite>
            </results>
          </test-suite>
          <test-suite type="TestFixture" name="function 'New-DatedSubfolder.ps1'" executed="True" result="Success" success="True" time="0.541" asserts="0" description="function 'New-DatedSubfolder.ps1'">
            <results>
              <test-suite type="ParameterizedTest" name="function 'New-DatedSubfolder.ps1'.can be tokenized by the PowerShell parser without any errors" executed="True" result="Success" success="True" time="0.0078" asserts="0" description="can be tokenized by the PowerShell parser without any errors">
                <results>
                  <test-case description="can be tokenized by the PowerShell parser without any errors" name="function 'New-DatedSubfolder.ps1'.can be tokenized by the PowerShell parser without any errors(&quot;E:\Owner\Documents\Google Drive\Programs\Scripts\PowerShell\PsLogMessage\src\functions\public\New-DatedSubfolder.ps1&quot;)" time="0.0078" asserts="0" success="True" result="Success" executed="True" />
                </results>
              </test-suite>
              <test-suite type="ParameterizedTest" name="function 'New-DatedSubfolder.ps1'.runs without throwing errors" executed="True" result="Success" success="True" time="0.0303" asserts="0" description="runs without throwing errors">
                <results>
                  <test-case description="runs without throwing errors" name="function 'New-DatedSubfolder.ps1'.runs without throwing errors(&quot;E:\Owner\Documents\Google Drive\Programs\Scripts\PowerShell\PsLogMessage\src\functions\public\New-DatedSubfolder.ps1&quot;)" time="0.0303" asserts="0" success="True" result="Success" executed="True" />
                </results>
              </test-suite>
            </results>
          </test-suite>
          <test-suite type="TestFixture" name="function 'Write-LogMsg.ps1'" executed="True" result="Success" success="True" time="0.6026" asserts="0" description="function 'Write-LogMsg.ps1'">
            <results>
              <test-suite type="ParameterizedTest" name="function 'Write-LogMsg.ps1'.can be tokenized by the PowerShell parser without any errors" executed="True" result="Success" success="True" time="0.011" asserts="0" description="can be tokenized by the PowerShell parser without any errors">
                <results>
                  <test-case description="can be tokenized by the PowerShell parser without any errors" name="function 'Write-LogMsg.ps1'.can be tokenized by the PowerShell parser without any errors(&quot;E:\Owner\Documents\Google Drive\Programs\Scripts\PowerShell\PsLogMessage\src\functions\public\Write-LogMsg.ps1&quot;)" time="0.011" asserts="0" success="True" result="Success" executed="True" />
                </results>
              </test-suite>
              <test-suite type="ParameterizedTest" name="function 'Write-LogMsg.ps1'.runs without throwing errors" executed="True" result="Success" success="True" time="0.0426" asserts="0" description="runs without throwing errors">
                <results>
                  <test-case description="runs without throwing errors" name="function 'Write-LogMsg.ps1'.runs without throwing errors(&quot;E:\Owner\Documents\Google Drive\Programs\Scripts\PowerShell\PsLogMessage\src\functions\public\Write-LogMsg.ps1&quot;)" time="0.0426" asserts="0" success="True" result="Success" executed="True" />
                </results>
              </test-suite>
            </results>
          </test-suite>
        </results>
      </test-suite>
      <test-suite type="TestFixture" name="E:\Owner\Documents\Google Drive\Programs\Scripts\PowerShell\PsLogMessage\tests\Help.tests.ps1" executed="True" result="Failure" success="False" time="1.8501" asserts="0" description="E:\Owner\Documents\Google Drive\Programs\Scripts\PowerShell\PsLogMessage\tests\Help.tests.ps1">
        <results>
          <test-suite type="TestFixture" name="help for ConvertTo-DnsFqdn" executed="True" result="Failure" success="False" time="0.4121" asserts="0" description="help for ConvertTo-DnsFqdn">
            <results>
              <test-suite type="TestFixture" name="help for ConvertTo-DnsFqdn.- Help for parameter 'ComputerName'" executed="True" result="Failure" success="False" time="0.2555" asserts="0" description="help for ConvertTo-DnsFqdn.- Help for parameter 'ComputerName'">
                <results>
                  <test-case description="has a description" name="help for ConvertTo-DnsFqdn.- Help for parameter 'ComputerName'.has a description" time="0.0207" asserts="0" success="True" result="Success" executed="True" />
                  <test-case description="has the correct [mandatory] value" name="help for ConvertTo-DnsFqdn.- Help for parameter 'ComputerName'.has the correct [mandatory] value" time="0.0231" asserts="0" success="True" result="Success" executed="True" />
                  <test-case description="has the correct parameter type" name="help for ConvertTo-DnsFqdn.- Help for parameter 'ComputerName'.has the correct parameter type" time="0.0888" asserts="0" success="False" result="Failure" executed="True">
                    <failure>
                      <message>Expected strings to be the same, but they were different.
Expected length: 6
Actual length:   13
Strings differ at index 1.
Expected: 'String'
But was:  'System.String'
           -^</message>
                      <stack-trace>at $parameterHelpType | Should -Be $parameter.ParameterType.Name, E:\Owner\Documents\Google Drive\Programs\Scripts\PowerShell\PsLogMessage\tests\Help.tests.ps1:114
at &lt;ScriptBlock&gt;, E:\Owner\Documents\Google Drive\Programs\Scripts\PowerShell\PsLogMessage\tests\Help.tests.ps1:114</stack-trace>
                    </failure>
                  </test-case>
                </results>
              </test-suite>
              <test-suite type="TestFixture" name="help for ConvertTo-DnsFqdn.- Help for parameter 'LogMsgCache'" executed="True" result="Failure" success="False" time="0.2842" asserts="0" description="help for ConvertTo-DnsFqdn.- Help for parameter 'LogMsgCache'">
                <results>
                  <test-case description="has a description" name="help for ConvertTo-DnsFqdn.- Help for parameter 'LogMsgCache'.has a description" time="0.0073" asserts="0" success="True" result="Success" executed="True" />
                  <test-case description="has the correct [mandatory] value" name="help for ConvertTo-DnsFqdn.- Help for parameter 'LogMsgCache'.has the correct [mandatory] value" time="0.0052" asserts="0" success="True" result="Success" executed="True" />
                  <test-case description="has the correct parameter type" name="help for ConvertTo-DnsFqdn.- Help for parameter 'LogMsgCache'.has the correct parameter type" time="0.0119" asserts="0" success="False" result="Failure" executed="True">
                    <failure>
                      <message>Expected strings to be the same, but they were different.
Expected length: 9
Actual length:   28
Strings differ at index 0.
Expected: 'Hashtable'
But was:  'System.Collections.Hashtable'
           ^</message>
                      <stack-trace>at $parameterHelpType | Should -Be $parameter.ParameterType.Name, E:\Owner\Documents\Google Drive\Programs\Scripts\PowerShell\PsLogMessage\tests\Help.tests.ps1:114
at &lt;ScriptBlock&gt;, E:\Owner\Documents\Google Drive\Programs\Scripts\PowerShell\PsLogMessage\tests\Help.tests.ps1:114</stack-trace>
                    </failure>
                  </test-case>
                </results>
              </test-suite>
              <test-suite type="TestFixture" name="help for ConvertTo-DnsFqdn.- Help for parameter 'ThisHostName'" executed="True" result="Failure" success="False" time="0.3222" asserts="0" description="help for ConvertTo-DnsFqdn.- Help for parameter 'ThisHostName'">
                <results>
                  <test-case description="has a description" name="help for ConvertTo-DnsFqdn.- Help for parameter 'ThisHostName'.has a description" time="0.0075" asserts="0" success="True" result="Success" executed="True" />
                  <test-case description="has the correct [mandatory] value" name="help for ConvertTo-DnsFqdn.- Help for parameter 'ThisHostName'.has the correct [mandatory] value" time="0.0054" asserts="0" success="True" result="Success" executed="True" />
                  <test-case description="has the correct parameter type" name="help for ConvertTo-DnsFqdn.- Help for parameter 'ThisHostName'.has the correct parameter type" time="0.0201" asserts="0" success="False" result="Failure" executed="True">
                    <failure>
                      <message>Expected strings to be the same, but they were different.
Expected length: 6
Actual length:   13
Strings differ at index 1.
Expected: 'String'
But was:  'System.String'
           -^</message>
                      <stack-trace>at $parameterHelpType | Should -Be $parameter.ParameterType.Name, E:\Owner\Documents\Google Drive\Programs\Scripts\PowerShell\PsLogMessage\tests\Help.tests.ps1:114
at &lt;ScriptBlock&gt;, E:\Owner\Documents\Google Drive\Programs\Scripts\PowerShell\PsLogMessage\tests\Help.tests.ps1:114</stack-trace>
                    </failure>
                  </test-case>
                </results>
              </test-suite>
              <test-suite type="TestFixture" name="help for ConvertTo-DnsFqdn.- Help for parameter 'WhoAmI'" executed="True" result="Failure" success="False" time="0.349" asserts="0" description="help for ConvertTo-DnsFqdn.- Help for parameter 'WhoAmI'">
                <results>
                  <test-case description="has a description" name="help for ConvertTo-DnsFqdn.- Help for parameter 'WhoAmI'.has a description" time="0.006" asserts="0" success="True" result="Success" executed="True" />
                  <test-case description="has the correct [mandatory] value" name="help for ConvertTo-DnsFqdn.- Help for parameter 'WhoAmI'.has the correct [mandatory] value" time="0.0039" asserts="0" success="True" result="Success" executed="True" />
                  <test-case description="has the correct parameter type" name="help for ConvertTo-DnsFqdn.- Help for parameter 'WhoAmI'.has the correct parameter type" time="0.012" asserts="0" success="False" result="Failure" executed="True">
                    <failure>
                      <message>Expected strings to be the same, but they were different.
Expected length: 6
Actual length:   13
Strings differ at index 1.
Expected: 'String'
But was:  'System.String'
           -^</message>
                      <stack-trace>at $parameterHelpType | Should -Be $parameter.ParameterType.Name, E:\Owner\Documents\Google Drive\Programs\Scripts\PowerShell\PsLogMessage\tests\Help.tests.ps1:114
at &lt;ScriptBlock&gt;, E:\Owner\Documents\Google Drive\Programs\Scripts\PowerShell\PsLogMessage\tests\Help.tests.ps1:114</stack-trace>
                    </failure>
                  </test-case>
                </results>
              </test-suite>
              <test-case description="is not auto-generated" name="help for ConvertTo-DnsFqdn.is not auto-generated" time="0.0189" asserts="0" success="True" result="Success" executed="True" />
              <test-case description="has a description" name="help for ConvertTo-DnsFqdn.has a description" time="0.0205" asserts="0" success="True" result="Success" executed="True" />
              <test-case description="has example code" name="help for ConvertTo-DnsFqdn.has example code" time="0.0183" asserts="0" success="True" result="Success" executed="True" />
              <test-case description="has example help" name="help for ConvertTo-DnsFqdn.has example help" time="0.0189" asserts="0" success="True" result="Success" executed="True" />
            </results>
          </test-suite>
          <test-suite type="TestFixture" name="help for Get-CurrentHostName" executed="True" result="Success" success="True" time="0.4508" asserts="0" description="help for Get-CurrentHostName">
            <results>
              <test-case description="is not auto-generated" name="help for Get-CurrentHostName.is not auto-generated" time="0.0063" asserts="0" success="True" result="Success" executed="True" />
              <test-case description="has a description" name="help for Get-CurrentHostName.has a description" time="0.0053" asserts="0" success="True" result="Success" executed="True" />
              <test-case description="has example code" name="help for Get-CurrentHostName.has example code" time="0.0047" asserts="0" success="True" result="Success" executed="True" />
              <test-case description="has example help" name="help for Get-CurrentHostName.has example help" time="0.0047" asserts="0" success="True" result="Success" executed="True" />
            </results>
          </test-suite>
          <test-suite type="TestFixture" name="help for Get-CurrentWhoAmI" executed="True" result="Failure" success="False" time="0.925" asserts="0" description="help for Get-CurrentWhoAmI">
            <results>
              <test-suite type="TestFixture" name="help for Get-CurrentWhoAmI.- Help for parameter 'LogMsgCache'" executed="True" result="Failure" success="False" time="0.1473" asserts="0" description="help for Get-CurrentWhoAmI.- Help for parameter 'LogMsgCache'">
                <results>
                  <test-case description="has a description" name="help for Get-CurrentWhoAmI.- Help for parameter 'LogMsgCache'.has a description" time="0.007" asserts="0" success="True" result="Success" executed="True" />
                  <test-case description="has the correct [mandatory] value" name="help for Get-CurrentWhoAmI.- Help for parameter 'LogMsgCache'.has the correct [mandatory] value" time="0.0073" asserts="0" success="True" result="Success" executed="True" />
                  <test-case description="has the correct parameter type" name="help for Get-CurrentWhoAmI.- Help for parameter 'LogMsgCache'.has the correct parameter type" time="0.0287" asserts="0" success="False" result="Failure" executed="True">
                    <failure>
                      <message>Expected strings to be the same, but they were different.
Expected length: 9
Actual length:   28
Strings differ at index 0.
Expected: 'Hashtable'
But was:  'System.Collections.Hashtable'
           ^</message>
                      <stack-trace>at $parameterHelpType | Should -Be $parameter.ParameterType.Name, E:\Owner\Documents\Google Drive\Programs\Scripts\PowerShell\PsLogMessage\tests\Help.tests.ps1:114
at &lt;ScriptBlock&gt;, E:\Owner\Documents\Google Drive\Programs\Scripts\PowerShell\PsLogMessage\tests\Help.tests.ps1:114</stack-trace>
                    </failure>
                  </test-case>
                </results>
              </test-suite>
              <test-suite type="TestFixture" name="help for Get-CurrentWhoAmI.- Help for parameter 'ThisHostName'" executed="True" result="Failure" success="False" time="0.2023" asserts="0" description="help for Get-CurrentWhoAmI.- Help for parameter 'ThisHostName'">
                <results>
                  <test-case description="has a description" name="help for Get-CurrentWhoAmI.- Help for parameter 'ThisHostName'.has a description" time="0.0223" asserts="0" success="True" result="Success" executed="True" />
                  <test-case description="has the correct [mandatory] value" name="help for Get-CurrentWhoAmI.- Help for parameter 'ThisHostName'.has the correct [mandatory] value" time="0.008" asserts="0" success="True" result="Success" executed="True" />
                  <test-case description="has the correct parameter type" name="help for Get-CurrentWhoAmI.- Help for parameter 'ThisHostName'.has the correct parameter type" time="0.0192" asserts="0" success="False" result="Failure" executed="True">
                    <failure>
                      <message>Expected strings to be the same, but they were different.
Expected length: 6
Actual length:   13
Strings differ at index 1.
Expected: 'String'
But was:  'System.String'
           -^</message>
                      <stack-trace>at $parameterHelpType | Should -Be $parameter.ParameterType.Name, E:\Owner\Documents\Google Drive\Programs\Scripts\PowerShell\PsLogMessage\tests\Help.tests.ps1:114
at &lt;ScriptBlock&gt;, E:\Owner\Documents\Google Drive\Programs\Scripts\PowerShell\PsLogMessage\tests\Help.tests.ps1:114</stack-trace>
                    </failure>
                  </test-case>
                </results>
              </test-suite>
              <test-suite type="TestFixture" name="help for Get-CurrentWhoAmI.- Help for parameter 'WhoAmI'" executed="True" result="Failure" success="False" time="0.4506" asserts="0" description="help for Get-CurrentWhoAmI.- Help for parameter 'WhoAmI'">
                <results>
                  <test-case description="has a description" name="help for Get-CurrentWhoAmI.- Help for parameter 'WhoAmI'.has a description" time="0.2074" asserts="0" success="True" result="Success" executed="True" />
                  <test-case description="has the correct [mandatory] value" name="help for Get-CurrentWhoAmI.- Help for parameter 'WhoAmI'.has the correct [mandatory] value" time="0.0059" asserts="0" success="True" result="Success" executed="True" />
                  <test-case description="has the correct parameter type" name="help for Get-CurrentWhoAmI.- Help for parameter 'WhoAmI'.has the correct parameter type" time="0.0263" asserts="0" success="False" result="Failure" executed="True">
                    <failure>
                      <message>Expected strings to be the same, but they were different.
Expected length: 6
Actual length:   13
Strings differ at index 1.
Expected: 'String'
But was:  'System.String'
           -^</message>
                      <stack-trace>at $parameterHelpType | Should -Be $parameter.ParameterType.Name, E:\Owner\Documents\Google Drive\Programs\Scripts\PowerShell\PsLogMessage\tests\Help.tests.ps1:114
at &lt;ScriptBlock&gt;, E:\Owner\Documents\Google Drive\Programs\Scripts\PowerShell\PsLogMessage\tests\Help.tests.ps1:114</stack-trace>
                    </failure>
                  </test-case>
                </results>
              </test-suite>
              <test-case description="is not auto-generated" name="help for Get-CurrentWhoAmI.is not auto-generated" time="0.0067" asserts="0" success="True" result="Success" executed="True" />
              <test-case description="has a description" name="help for Get-CurrentWhoAmI.has a description" time="0.0034" asserts="0" success="True" result="Success" executed="True" />
              <test-case description="has example code" name="help for Get-CurrentWhoAmI.has example code" time="0.0816" asserts="0" success="True" result="Success" executed="True" />
              <test-case description="has example help" name="help for Get-CurrentWhoAmI.has example help" time="0.006" asserts="0" success="True" result="Success" executed="True" />
            </results>
          </test-suite>
          <test-suite type="TestFixture" name="help for New-DatedSubfolder" executed="True" result="Failure" success="False" time="1.1995" asserts="0" description="help for New-DatedSubfolder">
            <results>
              <test-suite type="TestFixture" name="help for New-DatedSubfolder.- Help for parameter 'ProgressAction'" executed="True" result="Failure" success="False" time="0.1076" asserts="0" description="help for New-DatedSubfolder.- Help for parameter 'ProgressAction'">
                <results>
                  <test-case description="has a description" name="help for New-DatedSubfolder.- Help for parameter 'ProgressAction'.has a description" time="0.0116" asserts="0" success="True" result="Success" executed="True" />
                  <test-case description="has the correct [mandatory] value" name="help for New-DatedSubfolder.- Help for parameter 'ProgressAction'.has the correct [mandatory] value" time="0.0196" asserts="0" success="True" result="Success" executed="True" />
                  <test-case description="has the correct parameter type" name="help for New-DatedSubfolder.- Help for parameter 'ProgressAction'.has the correct parameter type" time="0.033" asserts="0" success="False" result="Failure" executed="True">
                    <failure>
                      <message>Expected strings to be the same, but they were different.
Expected length: 16
Actual length:   45
Strings differ at index 0.
Expected: 'ActionPreference'
But was:  'System.Management.Automation.ActionPreference'
           ^</message>
                      <stack-trace>at $parameterHelpType | Should -Be $parameter.ParameterType.Name, E:\Owner\Documents\Google Drive\Programs\Scripts\PowerShell\PsLogMessage\tests\Help.tests.ps1:114
at &lt;ScriptBlock&gt;, E:\Owner\Documents\Google Drive\Programs\Scripts\PowerShell\PsLogMessage\tests\Help.tests.ps1:114</stack-trace>
                    </failure>
                  </test-case>
                </results>
              </test-suite>
              <test-suite type="TestFixture" name="help for New-DatedSubfolder.- Help for parameter 'Root'" executed="True" result="Failure" success="False" time="0.1715" asserts="0" description="help for New-DatedSubfolder.- Help for parameter 'Root'">
                <results>
                  <test-case description="has a description" name="help for New-DatedSubfolder.- Help for parameter 'Root'.has a description" time="0.0139" asserts="0" success="True" result="Success" executed="True" />
                  <test-case description="has the correct [mandatory] value" name="help for New-DatedSubfolder.- Help for parameter 'Root'.has the correct [mandatory] value" time="0.0059" asserts="0" success="True" result="Success" executed="True" />
                  <test-case description="has the correct parameter type" name="help for New-DatedSubfolder.- Help for parameter 'Root'.has the correct parameter type" time="0.0319" asserts="0" success="False" result="Failure" executed="True">
                    <failure>
                      <message>Expected strings to be the same, but they were different.
Expected length: 6
Actual length:   13
Strings differ at index 1.
Expected: 'String'
But was:  'System.String'
           -^</message>
                      <stack-trace>at $parameterHelpType | Should -Be $parameter.ParameterType.Name, E:\Owner\Documents\Google Drive\Programs\Scripts\PowerShell\PsLogMessage\tests\Help.tests.ps1:114
at &lt;ScriptBlock&gt;, E:\Owner\Documents\Google Drive\Programs\Scripts\PowerShell\PsLogMessage\tests\Help.tests.ps1:114</stack-trace>
                    </failure>
                  </test-case>
                </results>
              </test-suite>
              <test-suite type="TestFixture" name="help for New-DatedSubfolder.- Help for parameter 'Suffix'" executed="True" result="Failure" success="False" time="0.2547" asserts="0" description="help for New-DatedSubfolder.- Help for parameter 'Suffix'">
                <results>
                  <test-case description="has a description" name="help for New-DatedSubfolder.- Help for parameter 'Suffix'.has a description" time="0.0157" asserts="0" success="True" result="Success" executed="True" />
                  <test-case description="has the correct [mandatory] value" name="help for New-DatedSubfolder.- Help for parameter 'Suffix'.has the correct [mandatory] value" time="0.009" asserts="0" success="True" result="Success" executed="True" />
                  <test-case description="has the correct parameter type" name="help for New-DatedSubfolder.- Help for parameter 'Suffix'.has the correct parameter type" time="0.0517" asserts="0" success="False" result="Failure" executed="True">
                    <failure>
                      <message>Expected strings to be the same, but they were different.
Expected length: 6
Actual length:   13
Strings differ at index 1.
Expected: 'String'
But was:  'System.String'
           -^</message>
                      <stack-trace>at $parameterHelpType | Should -Be $parameter.ParameterType.Name, E:\Owner\Documents\Google Drive\Programs\Scripts\PowerShell\PsLogMessage\tests\Help.tests.ps1:114
at &lt;ScriptBlock&gt;, E:\Owner\Documents\Google Drive\Programs\Scripts\PowerShell\PsLogMessage\tests\Help.tests.ps1:114</stack-trace>
                    </failure>
                  </test-case>
                </results>
              </test-suite>
              <test-case description="is not auto-generated" name="help for New-DatedSubfolder.is not auto-generated" time="0.008" asserts="0" success="True" result="Success" executed="True" />
              <test-case description="has a description" name="help for New-DatedSubfolder.has a description" time="0.0081" asserts="0" success="True" result="Success" executed="True" />
              <test-case description="has example code" name="help for New-DatedSubfolder.has example code" time="0.0065" asserts="0" success="True" result="Success" executed="True" />
              <test-case description="has example help" name="help for New-DatedSubfolder.has example help" time="0.0115" asserts="0" success="True" result="Success" executed="True" />
            </results>
          </test-suite>
          <test-suite type="TestFixture" name="help for Write-LogMsg" executed="True" result="Failure" success="False" time="1.549" asserts="0" description="help for Write-LogMsg">
            <results>
              <test-suite type="TestFixture" name="help for Write-LogMsg.- Help for parameter 'AddPrefix'" executed="True" result="Success" success="True" time="0.0731" asserts="0" description="help for Write-LogMsg.- Help for parameter 'AddPrefix'">
                <results>
                  <test-case description="has a description" name="help for Write-LogMsg.- Help for parameter 'AddPrefix'.has a description" time="0.006" asserts="0" success="True" result="Success" executed="True" />
                  <test-case description="has the correct [mandatory] value" name="help for Write-LogMsg.- Help for parameter 'AddPrefix'.has the correct [mandatory] value" time="0.0048" asserts="0" success="True" result="Success" executed="True" />
                  <test-case description="has the correct parameter type" name="help for Write-LogMsg.- Help for parameter 'AddPrefix'.has the correct parameter type" time="0.004" asserts="0" success="True" result="Success" executed="True" />
                </results>
              </test-suite>
              <test-suite type="TestFixture" name="help for Write-LogMsg.- Help for parameter 'LogFile'" executed="True" result="Success" success="True" time="0.0983" asserts="0" description="help for Write-LogMsg.- Help for parameter 'LogFile'">
                <results>
                  <test-case description="has a description" name="help for Write-LogMsg.- Help for parameter 'LogFile'.has a description" time="0.0048" asserts="0" success="True" result="Success" executed="True" />
                  <test-case description="has the correct [mandatory] value" name="help for Write-LogMsg.- Help for parameter 'LogFile'.has the correct [mandatory] value" time="0.0072" asserts="0" success="True" result="Success" executed="True" />
                  <test-case description="has the correct parameter type" name="help for Write-LogMsg.- Help for parameter 'LogFile'.has the correct parameter type" time="0.0054" asserts="0" success="True" result="Success" executed="True" />
                </results>
              </test-suite>
              <test-suite type="TestFixture" name="help for Write-LogMsg.- Help for parameter 'LogMsgCache'" executed="True" result="Failure" success="False" time="0.1285" asserts="0" description="help for Write-LogMsg.- Help for parameter 'LogMsgCache'">
                <results>
                  <test-case description="has a description" name="help for Write-LogMsg.- Help for parameter 'LogMsgCache'.has a description" time="0.0155" asserts="0" success="False" result="Failure" executed="True">
                    <failure>
                      <message>Expected a value, but got $null or empty.</message>
                      <stack-trace>at $parameterHelp.Description.Text | Should -Not -BeNullOrEmpty, E:\Owner\Documents\Google Drive\Programs\Scripts\PowerShell\PsLogMessage\tests\Help.tests.ps1:103
at &lt;ScriptBlock&gt;, E:\Owner\Documents\Google Drive\Programs\Scripts\PowerShell\PsLogMessage\tests\Help.tests.ps1:103</stack-trace>
                    </failure>
                  </test-case>
                  <test-case description="has the correct [mandatory] value" name="help for Write-LogMsg.- Help for parameter 'LogMsgCache'.has the correct [mandatory] value" time="0.0048" asserts="0" success="True" result="Success" executed="True" />
                  <test-case description="has the correct parameter type" name="help for Write-LogMsg.- Help for parameter 'LogMsgCache'.has the correct parameter type" time="0.004" asserts="0" success="True" result="Success" executed="True" />
                </results>
              </test-suite>
              <test-suite type="TestFixture" name="help for Write-LogMsg.- Help for parameter 'PassThru'" executed="True" result="Success" success="True" time="0.1537" asserts="0" description="help for Write-LogMsg.- Help for parameter 'PassThru'">
                <results>
                  <test-case description="has a description" name="help for Write-LogMsg.- Help for parameter 'PassThru'.has a description" time="0.008" asserts="0" success="True" result="Success" executed="True" />
                  <test-case description="has the correct [mandatory] value" name="help for Write-LogMsg.- Help for parameter 'PassThru'.has the correct [mandatory] value" time="0.0045" asserts="0" success="True" result="Success" executed="True" />
                  <test-case description="has the correct parameter type" name="help for Write-LogMsg.- Help for parameter 'PassThru'.has the correct parameter type" time="0.0053" asserts="0" success="True" result="Success" executed="True" />
                </results>
              </test-suite>
              <test-suite type="TestFixture" name="help for Write-LogMsg.- Help for parameter 'ProgressAction'" executed="True" result="Failure" success="False" time="0.2231" asserts="0" description="help for Write-LogMsg.- Help for parameter 'ProgressAction'">
                <results>
                  <test-case description="has a description" name="help for Write-LogMsg.- Help for parameter 'ProgressAction'.has a description" time="0.0229" asserts="0" success="False" result="Failure" executed="True">
                    <failure>
                      <message>Expected a value, but got $null or empty.</message>
                      <stack-trace>at $parameterHelp.Description.Text | Should -Not -BeNullOrEmpty, E:\Owner\Documents\Google Drive\Programs\Scripts\PowerShell\PsLogMessage\tests\Help.tests.ps1:103
at &lt;ScriptBlock&gt;, E:\Owner\Documents\Google Drive\Programs\Scripts\PowerShell\PsLogMessage\tests\Help.tests.ps1:103</stack-trace>
                    </failure>
                  </test-case>
                  <test-case description="has the correct [mandatory] value" name="help for Write-LogMsg.- Help for parameter 'ProgressAction'.has the correct [mandatory] value" time="0.0156" asserts="0" success="False" result="Failure" executed="True">
                    <failure>
                      <message>Expected 'False', but got $null.</message>
                      <stack-trace>at $parameterHelp.Required | Should -Be $codeMandatory, E:\Owner\Documents\Google Drive\Programs\Scripts\PowerShell\PsLogMessage\tests\Help.tests.ps1:109
at &lt;ScriptBlock&gt;, E:\Owner\Documents\Google Drive\Programs\Scripts\PowerShell\PsLogMessage\tests\Help.tests.ps1:109</stack-trace>
                    </failure>
                  </test-case>
                  <test-case description="has the correct parameter type" name="help for Write-LogMsg.- Help for parameter 'ProgressAction'.has the correct parameter type" time="0.0232" asserts="0" success="False" result="Failure" executed="True">
                    <failure>
                      <message>Expected 'ActionPreference', but got $null.</message>
                      <stack-trace>at $parameterHelpType | Should -Be $parameter.ParameterType.Name, E:\Owner\Documents\Google Drive\Programs\Scripts\PowerShell\PsLogMessage\tests\Help.tests.ps1:114
at &lt;ScriptBlock&gt;, E:\Owner\Documents\Google Drive\Programs\Scripts\PowerShell\PsLogMessage\tests\Help.tests.ps1:114</stack-trace>
                    </failure>
                  </test-case>
                </results>
              </test-suite>
              <test-suite type="TestFixture" name="help for Write-LogMsg.- Help for parameter 'Text'" executed="True" result="Success" success="True" time="0.241" asserts="0" description="help for Write-LogMsg.- Help for parameter 'Text'">
                <results>
                  <test-case description="has a description" name="help for Write-LogMsg.- Help for parameter 'Text'.has a description" time="0.0048" asserts="0" success="True" result="Success" executed="True" />
                  <test-case description="has the correct [mandatory] value" name="help for Write-LogMsg.- Help for parameter 'Text'.has the correct [mandatory] value" time="0.0029" asserts="0" success="True" result="Success" executed="True" />
                  <test-case description="has the correct parameter type" name="help for Write-LogMsg.- Help for parameter 'Text'.has the correct parameter type" time="0.0055" asserts="0" success="True" result="Success" executed="True" />
                </results>
              </test-suite>
              <test-suite type="TestFixture" name="help for Write-LogMsg.- Help for parameter 'ThisHostname'" executed="True" result="Success" success="True" time="0.2574" asserts="0" description="help for Write-LogMsg.- Help for parameter 'ThisHostname'">
                <results>
                  <test-case description="has a description" name="help for Write-LogMsg.- Help for parameter 'ThisHostname'.has a description" time="0.0039" asserts="0" success="True" result="Success" executed="True" />
                  <test-case description="has the correct [mandatory] value" name="help for Write-LogMsg.- Help for parameter 'ThisHostname'.has the correct [mandatory] value" time="0.0027" asserts="0" success="True" result="Success" executed="True" />
                  <test-case description="has the correct parameter type" name="help for Write-LogMsg.- Help for parameter 'ThisHostname'.has the correct parameter type" time="0.0055" asserts="0" success="True" result="Success" executed="True" />
                </results>
              </test-suite>
              <test-suite type="TestFixture" name="help for Write-LogMsg.- Help for parameter 'Type'" executed="True" result="Success" success="True" time="0.2808" asserts="0" description="help for Write-LogMsg.- Help for parameter 'Type'">
                <results>
                  <test-case description="has a description" name="help for Write-LogMsg.- Help for parameter 'Type'.has a description" time="0.0102" asserts="0" success="True" result="Success" executed="True" />
                  <test-case description="has the correct [mandatory] value" name="help for Write-LogMsg.- Help for parameter 'Type'.has the correct [mandatory] value" time="0.0053" asserts="0" success="True" result="Success" executed="True" />
                  <test-case description="has the correct parameter type" name="help for Write-LogMsg.- Help for parameter 'Type'.has the correct parameter type" time="0.0032" asserts="0" success="True" result="Success" executed="True" />
                </results>
              </test-suite>
              <test-suite type="TestFixture" name="help for Write-LogMsg.- Help for parameter 'WhoAmI'" executed="True" result="Success" success="True" time="0.3114" asserts="0" description="help for Write-LogMsg.- Help for parameter 'WhoAmI'">
                <results>
                  <test-case description="has a description" name="help for Write-LogMsg.- Help for parameter 'WhoAmI'.has a description" time="0.008" asserts="0" success="True" result="Success" executed="True" />
                  <test-case description="has the correct [mandatory] value" name="help for Write-LogMsg.- Help for parameter 'WhoAmI'.has the correct [mandatory] value" time="0.0045" asserts="0" success="True" result="Success" executed="True" />
                  <test-case description="has the correct parameter type" name="help for Write-LogMsg.- Help for parameter 'WhoAmI'.has the correct parameter type" time="0.0117" asserts="0" success="True" result="Success" executed="True" />
                </results>
              </test-suite>
              <test-case description="is not auto-generated" name="help for Write-LogMsg.is not auto-generated" time="0.0086" asserts="0" success="True" result="Success" executed="True" />
              <test-case description="has a description" name="help for Write-LogMsg.has a description" time="0.0049" asserts="0" success="True" result="Success" executed="True" />
              <test-case description="has example code" name="help for Write-LogMsg.has example code" time="0.0174" asserts="0" success="False" result="Failure" executed="True">
                <failure>
                  <message>Expected a value, but got $null or empty.</message>
                  <stack-trace>at ($commandHelp.Examples.Example | Select-Object -First 1).Code | Should -Not -BeNullOrEmpty, E:\Owner\Documents\Google Drive\Programs\Scripts\PowerShell\PsLogMessage\tests\Help.tests.ps1:80
at &lt;ScriptBlock&gt;, E:\Owner\Documents\Google Drive\Programs\Scripts\PowerShell\PsLogMessage\tests\Help.tests.ps1:80</stack-trace>
                </failure>
              </test-case>
              <test-case description="has example help" name="help for Write-LogMsg.has example help" time="0.0139" asserts="0" success="False" result="Failure" executed="True">
                <failure>
                  <message>Expected a value, but got $null or empty.</message>
                  <stack-trace>at ($commandHelp.Examples.Example.Remarks | Select-Object -First 1).Text | Should -Not -BeNullOrEmpty, E:\Owner\Documents\Google Drive\Programs\Scripts\PowerShell\PsLogMessage\tests\Help.tests.ps1:85
at &lt;ScriptBlock&gt;, E:\Owner\Documents\Google Drive\Programs\Scripts\PowerShell\PsLogMessage\tests\Help.tests.ps1:85</stack-trace>
                </failure>
              </test-case>
            </results>
          </test-suite>
        </results>
      </test-suite>
      <test-suite type="TestFixture" name="E:\Owner\Documents\Google Drive\Programs\Scripts\PowerShell\PsLogMessage\tests\Manifest.tests.ps1" executed="True" result="Ignored" success="True" time="0.6355" asserts="0" description="E:\Owner\Documents\Google Drive\Programs\Scripts\PowerShell\PsLogMessage\tests\Manifest.tests.ps1">
        <results>
          <test-suite type="TestFixture" name="module manifest 'PsLogMessage.psd1'" executed="True" result="Success" success="True" time="0.2186" asserts="0" description="module manifest 'PsLogMessage.psd1'">
            <results>
              <test-suite type="TestFixture" name="module manifest 'PsLogMessage.psd1'.- Validation" executed="True" result="Success" success="True" time="0.2141" asserts="0" description="module manifest 'PsLogMessage.psd1'.- Validation">
                <results>
                  <test-case description="is a valid manifest" name="module manifest 'PsLogMessage.psd1'.- Validation.is a valid manifest" time="0.0221" asserts="0" success="True" result="Success" executed="True" />
                  <test-case description="has a valid name in the manifest" name="module manifest 'PsLogMessage.psd1'.- Validation.has a valid name in the manifest" time="0.0256" asserts="0" success="True" result="Success" executed="True" />
                  <test-case description="has a valid root module" name="module manifest 'PsLogMessage.psd1'.- Validation.has a valid root module" time="0.0203" asserts="0" success="True" result="Success" executed="True" />
                  <test-case description="has a valid version" name="module manifest 'PsLogMessage.psd1'.- Validation.has a valid version" time="0.0229" asserts="0" success="True" result="Success" executed="True" />
                  <test-case description="has a valid description" name="module manifest 'PsLogMessage.psd1'.- Validation.has a valid description" time="0.0257" asserts="0" success="True" result="Success" executed="True" />
                  <test-case description="has a valid author" name="module manifest 'PsLogMessage.psd1'.- Validation.has a valid author" time="0.0231" asserts="0" success="True" result="Success" executed="True" />
                  <test-case description="has a valid guid" name="module manifest 'PsLogMessage.psd1'.- Validation.has a valid guid" time="0.0443" asserts="0" success="True" result="Success" executed="True" />
                  <test-case description="has a valid copyright" name="module manifest 'PsLogMessage.psd1'.- Validation.has a valid copyright" time="0.0228" asserts="0" success="True" result="Success" executed="True" />
                </results>
              </test-suite>
            </results>
          </test-suite>
          <test-suite type="TestFixture" name="Git tagging" executed="True" result="Ignored" success="True" time="0.2598" asserts="0" description="Git tagging">
            <results>
              <test-suite type="TestFixture" name="Git tagging.- Git tag version ''" executed="True" result="Ignored" success="True" time="0.0364" asserts="0" description="Git tagging.- Git tag version ''">
                <results>
                  <test-case description="is a valid version" name="Git tagging.- Git tag version ''.is a valid version" time="0.0243" asserts="0" success="False" result="Ignored" executed="False" />
                  <test-case description="matches the module manifest version" name="Git tagging.- Git tag version ''.matches the module manifest version" time="0.0068" asserts="0" success="False" result="Ignored" executed="False" />
                </results>
              </test-suite>
            </results>
          </test-suite>
        </results>
      </test-suite>
      <test-suite type="TestFixture" name="E:\Owner\Documents\Google Drive\Programs\Scripts\PowerShell\PsLogMessage\tests\Metadata.tests.ps1" executed="True" result="Success" success="True" time="0.38" asserts="0" description="E:\Owner\Documents\Google Drive\Programs\Scripts\PowerShell\PsLogMessage\tests\Metadata.tests.ps1">
        <results>
          <test-suite type="TestFixture" name="text files" executed="True" result="Success" success="True" time="0.0515" asserts="0" description="text files">
            <results>
              <test-suite type="TestFixture" name="text files.- File Encoding" executed="True" result="Success" success="True" time="0.0208" asserts="0" description="text files.- File Encoding">
                <results>
                  <test-case description="do not use Unicode/UTF-16 encoding" name="text files.- File Encoding.do not use Unicode/UTF-16 encoding" time="0.0173" asserts="0" success="True" result="Success" executed="True" />
                </results>
              </test-suite>
              <test-suite type="TestFixture" name="text files.- Indentations" executed="True" result="Success" success="True" time="0.048" asserts="0" description="text files.- Indentations">
                <results>
                  <test-case description="do not use tabs for indentations" name="text files.- Indentations.do not use tabs for indentations" time="0.0192" asserts="0" success="True" result="Success" executed="True" />
                </results>
              </test-suite>
            </results>
          </test-suite>
        </results>
      </test-suite>
      <test-suite type="TestFixture" name="E:\Owner\Documents\Google Drive\Programs\Scripts\PowerShell\PsLogMessage\tests\Module.tests.ps1" executed="True" result="Success" success="True" time="0.2384" asserts="0" description="E:\Owner\Documents\Google Drive\Programs\Scripts\PowerShell\PsLogMessage\tests\Module.tests.ps1">
        <results>
          <test-suite type="TestFixture" name="PowerShell files in module 'PsLogMessage'" executed="True" result="Success" success="True" time="0.0526" asserts="0" description="PowerShell files in module 'PsLogMessage'">
            <results>
              <test-suite type="ParameterizedTest" name="PowerShell files in module 'PsLogMessage'.'&lt;Script&gt;' can be tokenized by the PowerShell parser without any errors" executed="True" result="Success" success="True" time="0.0496" asserts="0" description="'&lt;Script&gt;' can be tokenized by the PowerShell parser without any errors">
                <results>
                  <test-case description="'E:\Owner\Documents\Google Drive\Programs\Scripts\PowerShell\PsLogMessage\dist\1.0.31\PsLogMessage\PsLogMessage.psd1' can be tokenized by the PowerShell parser without any errors" name="PowerShell files in module 'PsLogMessage'.'E:\Owner\Documents\Google Drive\Programs\Scripts\PowerShell\PsLogMessage\dist\1.0.31\PsLogMessage\PsLogMessage.psd1' can be tokenized by the PowerShell parser without any errors" time="0.0425" asserts="0" success="True" result="Success" executed="True" />
                  <test-case description="'E:\Owner\Documents\Google Drive\Programs\Scripts\PowerShell\PsLogMessage\dist\1.0.31\PsLogMessage\PsLogMessage.psm1' can be tokenized by the PowerShell parser without any errors" name="PowerShell files in module 'PsLogMessage'.'E:\Owner\Documents\Google Drive\Programs\Scripts\PowerShell\PsLogMessage\dist\1.0.31\PsLogMessage\PsLogMessage.psm1' can be tokenized by the PowerShell parser without any errors" time="0.0071" asserts="0" success="True" result="Success" executed="True" />
                </results>
              </test-suite>
            </results>
          </test-suite>
          <test-suite type="TestFixture" name="module 'PsLogMessage'" executed="True" result="Success" success="True" time="0.0934" asserts="0" description="module 'PsLogMessage'">
            <results>
              <test-suite type="ParameterizedTest" name="module 'PsLogMessage'.can be imported without any errors" executed="True" result="Success" success="True" time="0.0383" asserts="0" description="can be imported without any errors">
                <results>
                  <test-case description="can be imported without any errors" name="module 'PsLogMessage'.can be imported without any errors(&quot;E:\Owner\Documents\Google Drive\Programs\Scripts\PowerShell\PsLogMessage\dist\1.0.31\PsLogMessage\PsLogMessage.psm1&quot;)" time="0.0383" asserts="0" success="True" result="Success" executed="True" />
                </results>
              </test-suite>
            </results>
          </test-suite>
        </results>
      </test-suite>
      <test-suite type="TestFixture" name="E:\Owner\Documents\Google Drive\Programs\Scripts\PowerShell\PsLogMessage\tests\Project.tests.ps1" executed="True" result="Success" success="True" time="0.2845" asserts="0" description="E:\Owner\Documents\Google Drive\Programs\Scripts\PowerShell\PsLogMessage\tests\Project.tests.ps1">
        <results>
          <test-suite type="TestFixture" name="change log" executed="True" result="Success" success="True" time="0.068" asserts="0" description="change log">
            <results>
              <test-suite type="TestFixture" name="change log.- Version" executed="True" result="Success" success="True" time="0.0641" asserts="0" description="change log.- Version">
                <results>
                  <test-case description="has a valid version" name="change log.- Version.has a valid version" time="0.0269" asserts="0" success="True" result="Success" executed="True" />
                  <test-case description="has the same version as the manifest" name="change log.- Version.has the same version as the manifest" time="0.0306" asserts="0" success="True" result="Success" executed="True" />
                </results>
              </test-suite>
            </results>
          </test-suite>
        </results>
      </test-suite>
    </results>
  </test-suite>
</test-results>